  [1m[35m (537.1ms)[0m  [1m[35mCREATE DATABASE "actual_karaokeb_development" ENCODING = 'unicode'[0m
  [1m[35m (212.3ms)[0m  [1m[35mCREATE DATABASE "actual_karaokeb_test" ENCODING = 'unicode'[0m
  [1m[35m (50.9ms)[0m  [1m[35mCREATE TABLE "schema_migrations" ("version" character varying NOT NULL PRIMARY KEY)[0m
  [1m[35m (23.2ms)[0m  [1m[35mCREATE TABLE "ar_internal_metadata" ("key" character varying NOT NULL PRIMARY KEY, "value" character varying, "created_at" timestamp(6) NOT NULL, "updated_at" timestamp(6) NOT NULL)[0m
  [1m[35m (0.2ms)[0m  [1m[34mSELECT pg_try_advisory_lock(7083174183705274095)[0m
  [1m[35m (0.9ms)[0m  [1m[34mSELECT "schema_migrations"."version" FROM "schema_migrations" ORDER BY "schema_migrations"."version" ASC[0m
Migrating to CreateGenres (20210322003614)
  [1m[36mTRANSACTION (1.5ms)[0m  [1m[35mBEGIN[0m
  [1m[35m (33.9ms)[0m  [1m[35mCREATE TABLE "genres" ("id" bigserial primary key, "name" character varying, "created_at" timestamp(6) NOT NULL, "updated_at" timestamp(6) NOT NULL)[0m
  [1m[36mActiveRecord::SchemaMigration Create (0.7ms)[0m  [1m[32mINSERT INTO "schema_migrations" ("version") VALUES ($1) RETURNING "version"[0m  [["version", "20210322003614"]]
  [1m[36mTRANSACTION (0.5ms)[0m  [1m[35mCOMMIT[0m
Migrating to CreateSongs (20210322003707)
  [1m[36mTRANSACTION (7.6ms)[0m  [1m[35mBEGIN[0m
  [1m[35m (18.7ms)[0m  [1m[35mCREATE TABLE "songs" ("id" bigserial primary key, "name" character varying, "artist_id" integer, "artist_gender" character varying, "lowest_pitch" integer, "highest_pitch" integer, "lowest_note" character varying, "highest_note" character varying, "genre_id" integer, "year" integer, "tempo" character varying, "mood" character varying, "key" character varying, "image" character varying, "rap_sing" character varying, "range" integer, "hit_year" integer, "created_at" timestamp(6) NOT NULL, "updated_at" timestamp(6) NOT NULL)[0m
  [1m[36mActiveRecord::SchemaMigration Create (4.7ms)[0m  [1m[32mINSERT INTO "schema_migrations" ("version") VALUES ($1) RETURNING "version"[0m  [["version", "20210322003707"]]
  [1m[36mTRANSACTION (0.6ms)[0m  [1m[35mCOMMIT[0m
Migrating to CreateArtists (20210322003735)
  [1m[36mTRANSACTION (7.7ms)[0m  [1m[35mBEGIN[0m
  [1m[35m (10.6ms)[0m  [1m[35mCREATE TABLE "artists" ("id" bigserial primary key, "name" character varying, "image" character varying, "created_at" timestamp(6) NOT NULL, "updated_at" timestamp(6) NOT NULL)[0m
  [1m[36mActiveRecord::SchemaMigration Create (5.7ms)[0m  [1m[32mINSERT INTO "schema_migrations" ("version") VALUES ($1) RETURNING "version"[0m  [["version", "20210322003735"]]
  [1m[36mTRANSACTION (0.6ms)[0m  [1m[35mCOMMIT[0m
Migrating to CreateFavoriteSongs (20210322003804)
  [1m[36mTRANSACTION (9.5ms)[0m  [1m[35mBEGIN[0m
  [1m[35m (17.8ms)[0m  [1m[35mCREATE TABLE "favorite_songs" ("id" bigserial primary key, "user_id" integer, "song_id" integer, "note" character varying, "created_at" timestamp(6) NOT NULL, "updated_at" timestamp(6) NOT NULL)[0m
  [1m[36mActiveRecord::SchemaMigration Create (2.4ms)[0m  [1m[32mINSERT INTO "schema_migrations" ("version") VALUES ($1) RETURNING "version"[0m  [["version", "20210322003804"]]
  [1m[36mTRANSACTION (1.0ms)[0m  [1m[35mCOMMIT[0m
Migrating to CreateUsers (20210322003839)
  [1m[36mTRANSACTION (5.8ms)[0m  [1m[35mBEGIN[0m
  [1m[35m (19.0ms)[0m  [1m[35mCREATE TABLE "users" ("id" bigserial primary key, "email" character varying, "username" character varying, "password" character varying, "image" character varying, "created_at" timestamp(6) NOT NULL, "updated_at" timestamp(6) NOT NULL)[0m
  [1m[36mActiveRecord::SchemaMigration Create (0.5ms)[0m  [1m[32mINSERT INTO "schema_migrations" ("version") VALUES ($1) RETURNING "version"[0m  [["version", "20210322003839"]]
  [1m[36mTRANSACTION (0.6ms)[0m  [1m[35mCOMMIT[0m
  [1m[36mActiveRecord::InternalMetadata Load (0.8ms)[0m  [1m[34mSELECT "ar_internal_metadata".* FROM "ar_internal_metadata" WHERE "ar_internal_metadata"."key" = $1 LIMIT $2[0m  [["key", "environment"], ["LIMIT", 1]]
  [1m[36mTRANSACTION (0.4ms)[0m  [1m[35mBEGIN[0m
  [1m[36mActiveRecord::InternalMetadata Create (6.2ms)[0m  [1m[32mINSERT INTO "ar_internal_metadata" ("key", "value", "created_at", "updated_at") VALUES ($1, $2, $3, $4) RETURNING "key"[0m  [["key", "environment"], ["value", "development"], ["created_at", "2021-03-22 00:40:16.764347"], ["updated_at", "2021-03-22 00:40:16.764347"]]
  [1m[36mTRANSACTION (6.1ms)[0m  [1m[35mCOMMIT[0m
  [1m[35m (0.7ms)[0m  [1m[34mSELECT pg_advisory_unlock(7083174183705274095)[0m
  [1m[35m (1.1ms)[0m  [1m[34mSELECT "schema_migrations"."version" FROM "schema_migrations" ORDER BY "schema_migrations"."version" ASC[0m
  [1m[35m (0.8ms)[0m  [1m[34mSELECT "schema_migrations"."version" FROM "schema_migrations" ORDER BY "schema_migrations"."version" ASC[0m
  [1m[36mTRANSACTION (0.2ms)[0m  [1m[35mBEGIN[0m
  [1m[36mUser Create (1.6ms)[0m  [1m[32mINSERT INTO "users" ("email", "username", "password", "image", "created_at", "updated_at") VALUES ($1, $2, $3, $4, $5, $6) RETURNING "id"[0m  [["email", "jordancarroll1994@gmail.com"], ["username", "jordancarroll"], ["password", "abc123"], ["image", "https://upload.wikimedia.org/wikipedia/commons/thumb/e/e0/SNice.svg/1200px-SNice.svg.png"], ["created_at", "2021-03-22 00:40:26.322271"], ["updated_at", "2021-03-22 00:40:26.322271"]]
  [1m[36mTRANSACTION (0.5ms)[0m  [1m[35mCOMMIT[0m
  [1m[36mTRANSACTION (0.2ms)[0m  [1m[35mBEGIN[0m
  [1m[36mUser Create (0.4ms)[0m  [1m[32mINSERT INTO "users" ("email", "username", "password", "image", "created_at", "updated_at") VALUES ($1, $2, $3, $4, $5, $6) RETURNING "id"[0m  [["email", "jordanscarroll1994@gmail.com"], ["username", "jordancarroll2"], ["password", "abc123"], ["image", "https://images-na.ssl-images-amazon.com/images/I/41CyuoxrPvL._AC_.jpg"], ["created_at", "2021-03-22 00:40:26.328933"], ["updated_at", "2021-03-22 00:40:26.328933"]]
  [1m[36mTRANSACTION (0.4ms)[0m  [1m[35mCOMMIT[0m
  [1m[36mTRANSACTION (0.2ms)[0m  [1m[35mBEGIN[0m
  [1m[36mArtist Create (9.5ms)[0m  [1m[32mINSERT INTO "artists" ("name", "image", "created_at", "updated_at") VALUES ($1, $2, $3, $4) RETURNING "id"[0m  [["name", "The Weeknd"], ["image", "https://upload.wikimedia.org/wikipedia/en/c/c1/The_Weeknd_-_After_Hours.png"], ["created_at", "2021-03-22 00:40:26.349003"], ["updated_at", "2021-03-22 00:40:26.349003"]]
  [1m[36mTRANSACTION (0.6ms)[0m  [1m[35mCOMMIT[0m
  [1m[36mTRANSACTION (0.2ms)[0m  [1m[35mBEGIN[0m
  [1m[36mArtist Create (0.6ms)[0m  [1m[32mINSERT INTO "artists" ("name", "image", "created_at", "updated_at") VALUES ($1, $2, $3, $4) RETURNING "id"[0m  [["name", "Dua Lipa"], ["image", "https://upload.wikimedia.org/wikipedia/en/f/f5/Dua_Lipa_-_Future_Nostalgia_%28Official_Album_Cover%29.png"], ["created_at", "2021-03-22 00:40:26.364074"], ["updated_at", "2021-03-22 00:40:26.364074"]]
  [1m[36mTRANSACTION (0.4ms)[0m  [1m[35mCOMMIT[0m
  [1m[36mTRANSACTION (0.1ms)[0m  [1m[35mBEGIN[0m
  [1m[36mArtist Create (0.3ms)[0m  [1m[32mINSERT INTO "artists" ("name", "image", "created_at", "updated_at") VALUES ($1, $2, $3, $4) RETURNING "id"[0m  [["name", "Lewis Capaldi"], ["image", "https://images-na.ssl-images-amazon.com/images/I/61-K3qJWGYL._SL1200_.jpg"], ["created_at", "2021-03-22 00:40:26.370021"], ["updated_at", "2021-03-22 00:40:26.370021"]]
  [1m[36mTRANSACTION (0.4ms)[0m  [1m[35mCOMMIT[0m
  [1m[36mTRANSACTION (0.1ms)[0m  [1m[35mBEGIN[0m
  [1m[36mArtist Create (0.3ms)[0m  [1m[32mINSERT INTO "artists" ("name", "image", "created_at", "updated_at") VALUES ($1, $2, $3, $4) RETURNING "id"[0m  [["name", "Doja Cat"], ["image", "https://upload.wikimedia.org/wikipedia/en/8/87/Doja_Cat_-_Hot_Pink.png"], ["created_at", "2021-03-22 00:40:26.374352"], ["updated_at", "2021-03-22 00:40:26.374352"]]
  [1m[36mTRANSACTION (0.4ms)[0m  [1m[35mCOMMIT[0m
  [1m[36mTRANSACTION (0.2ms)[0m  [1m[35mBEGIN[0m
  [1m[36mArtist Create (0.4ms)[0m  [1m[32mINSERT INTO "artists" ("name", "image", "created_at", "updated_at") VALUES ($1, $2, $3, $4) RETURNING "id"[0m  [["name", "Harry Styles"], ["image", "https://images-na.ssl-images-amazon.com/images/I/61uo57hXGxL._SL1200_.jpg"], ["created_at", "2021-03-22 00:40:26.377922"], ["updated_at", "2021-03-22 00:40:26.377922"]]
  [1m[36mTRANSACTION (0.8ms)[0m  [1m[35mCOMMIT[0m
  [1m[36mTRANSACTION (0.2ms)[0m  [1m[35mBEGIN[0m
  [1m[36mArtist Create (0.4ms)[0m  [1m[32mINSERT INTO "artists" ("name", "image", "created_at", "updated_at") VALUES ($1, $2, $3, $4) RETURNING "id"[0m  [["name", "Cardi B"], ["image", "https://upload.wikimedia.org/wikipedia/en/thumb/9/97/Cardi_B_-_Invasion_of_Privacy.png/220px-Cardi_B_-_Invasion_of_Privacy.png"], ["created_at", "2021-03-22 00:40:26.382950"], ["updated_at", "2021-03-22 00:40:26.382950"]]
  [1m[36mTRANSACTION (0.5ms)[0m  [1m[35mCOMMIT[0m
  [1m[36mTRANSACTION (0.3ms)[0m  [1m[35mBEGIN[0m
  [1m[36mArtist Create (0.4ms)[0m  [1m[32mINSERT INTO "artists" ("name", "image", "created_at", "updated_at") VALUES ($1, $2, $3, $4) RETURNING "id"[0m  [["name", "Lizzo"], ["image", "https://upload.wikimedia.org/wikipedia/en/d/dd/Lizzo_-_Cuz_I_Love_You.png"], ["created_at", "2021-03-22 00:40:26.388732"], ["updated_at", "2021-03-22 00:40:26.388732"]]
  [1m[36mTRANSACTION (0.4ms)[0m  [1m[35mCOMMIT[0m
  [1m[36mTRANSACTION (0.2ms)[0m  [1m[35mBEGIN[0m
  [1m[36mArtist Create (0.4ms)[0m  [1m[32mINSERT INTO "artists" ("name", "image", "created_at", "updated_at") VALUES ($1, $2, $3, $4) RETURNING "id"[0m  [["name", "Jawsh 685 x Jason Derulo"], ["image", "https://upload.wikimedia.org/wikipedia/commons/b/b1/Jawsh_685_and_Jason_Derulo_-_Savage_Love_%28Laxed_%E2%80%93_Siren_Beat%29.png"], ["created_at", "2021-03-22 00:40:26.393599"], ["updated_at", "2021-03-22 00:40:26.393599"]]
  [1m[36mTRANSACTION (0.4ms)[0m  [1m[35mCOMMIT[0m
  [1m[36mTRANSACTION (0.2ms)[0m  [1m[35mBEGIN[0m
  [1m[36mArtist Create (0.5ms)[0m  [1m[32mINSERT INTO "artists" ("name", "image", "created_at", "updated_at") VALUES ($1, $2, $3, $4) RETURNING "id"[0m  [["name", "Billie Eilish"], ["image", "https://images-na.ssl-images-amazon.com/images/I/71SHkMeVdhL._SL1500_.jpg"], ["created_at", "2021-03-22 00:40:26.398469"], ["updated_at", "2021-03-22 00:40:26.398469"]]
  [1m[36mTRANSACTION (0.4ms)[0m  [1m[35mCOMMIT[0m
  [1m[36mTRANSACTION (0.2ms)[0m  [1m[35mBEGIN[0m
  [1m[36mGenre Create (2.9ms)[0m  [1m[32mINSERT INTO "genres" ("name", "created_at", "updated_at") VALUES ($1, $2, $3) RETURNING "id"[0m  [["name", "Synth-pop"], ["created_at", "2021-03-22 00:40:26.413791"], ["updated_at", "2021-03-22 00:40:26.413791"]]
  [1m[36mTRANSACTION (6.3ms)[0m  [1m[35mCOMMIT[0m
  [1m[36mTRANSACTION (0.2ms)[0m  [1m[35mBEGIN[0m
  [1m[36mGenre Create (0.4ms)[0m  [1m[32mINSERT INTO "genres" ("name", "created_at", "updated_at") VALUES ($1, $2, $3) RETURNING "id"[0m  [["name", "Nu-disco"], ["created_at", "2021-03-22 00:40:26.427643"], ["updated_at", "2021-03-22 00:40:26.427643"]]
  [1m[36mTRANSACTION (0.6ms)[0m  [1m[35mCOMMIT[0m
  [1m[36mTRANSACTION (0.2ms)[0m  [1m[35mBEGIN[0m
  [1m[36mGenre Create (0.3ms)[0m  [1m[32mINSERT INTO "genres" ("name", "created_at", "updated_at") VALUES ($1, $2, $3) RETURNING "id"[0m  [["name", "Piano Ballad"], ["created_at", "2021-03-22 00:40:26.434028"], ["updated_at", "2021-03-22 00:40:26.434028"]]
  [1m[36mTRANSACTION (0.4ms)[0m  [1m[35mCOMMIT[0m
  [1m[36mTRANSACTION (0.1ms)[0m  [1m[35mBEGIN[0m
  [1m[36mGenre Create (0.3ms)[0m  [1m[32mINSERT INTO "genres" ("name", "created_at", "updated_at") VALUES ($1, $2, $3) RETURNING "id"[0m  [["name", "Pop"], ["created_at", "2021-03-22 00:40:26.438517"], ["updated_at", "2021-03-22 00:40:26.438517"]]
  [1m[36mTRANSACTION (0.5ms)[0m  [1m[35mCOMMIT[0m
  [1m[36mTRANSACTION (0.2ms)[0m  [1m[35mBEGIN[0m
  [1m[36mGenre Create (0.4ms)[0m  [1m[32mINSERT INTO "genres" ("name", "created_at", "updated_at") VALUES ($1, $2, $3) RETURNING "id"[0m  [["name", "Rock"], ["created_at", "2021-03-22 00:40:26.442828"], ["updated_at", "2021-03-22 00:40:26.442828"]]
  [1m[36mTRANSACTION (0.5ms)[0m  [1m[35mCOMMIT[0m
  [1m[36mTRANSACTION (0.1ms)[0m  [1m[35mBEGIN[0m
  [1m[36mGenre Create (0.3ms)[0m  [1m[32mINSERT INTO "genres" ("name", "created_at", "updated_at") VALUES ($1, $2, $3) RETURNING "id"[0m  [["name", "Rap"], ["created_at", "2021-03-22 00:40:26.447519"], ["updated_at", "2021-03-22 00:40:26.447519"]]
  [1m[36mTRANSACTION (6.4ms)[0m  [1m[35mCOMMIT[0m
  [1m[36mTRANSACTION (0.3ms)[0m  [1m[35mBEGIN[0m
  [1m[36mGenre Create (0.5ms)[0m  [1m[32mINSERT INTO "genres" ("name", "created_at", "updated_at") VALUES ($1, $2, $3) RETURNING "id"[0m  [["name", "R&B"], ["created_at", "2021-03-22 00:40:26.474860"], ["updated_at", "2021-03-22 00:40:26.474860"]]
  [1m[36mTRANSACTION (10.8ms)[0m  [1m[35mCOMMIT[0m
  [1m[36mTRANSACTION (0.2ms)[0m  [1m[35mBEGIN[0m
  [1m[36mGenre Create (0.4ms)[0m  [1m[32mINSERT INTO "genres" ("name", "created_at", "updated_at") VALUES ($1, $2, $3) RETURNING "id"[0m  [["name", "Dancehall"], ["created_at", "2021-03-22 00:40:26.491621"], ["updated_at", "2021-03-22 00:40:26.491621"]]
  [1m[36mTRANSACTION (0.9ms)[0m  [1m[35mCOMMIT[0m
  [1m[36mTRANSACTION (0.3ms)[0m  [1m[35mBEGIN[0m
  [1m[36mGenre Create (0.4ms)[0m  [1m[32mINSERT INTO "genres" ("name", "created_at", "updated_at") VALUES ($1, $2, $3) RETURNING "id"[0m  [["name", "Electropop"], ["created_at", "2021-03-22 00:40:26.498642"], ["updated_at", "2021-03-22 00:40:26.498642"]]
  [1m[36mTRANSACTION (0.4ms)[0m  [1m[35mCOMMIT[0m
  [1m[36mTRANSACTION (0.3ms)[0m  [1m[35mBEGIN[0m
  [1m[36mGenre Load (0.3ms)[0m  [1m[34mSELECT "genres".* FROM "genres" WHERE "genres"."id" = $1 LIMIT $2[0m  [["id", 1], ["LIMIT", 1]]
  [1m[36mArtist Load (0.3ms)[0m  [1m[34mSELECT "artists".* FROM "artists" WHERE "artists"."id" = $1 LIMIT $2[0m  [["id", 1], ["LIMIT", 1]]
  [1m[36mSong Create (13.7ms)[0m  [1m[32mINSERT INTO "songs" ("name", "artist_id", "artist_gender", "lowest_pitch", "highest_pitch", "lowest_note", "highest_note", "genre_id", "year", "tempo", "mood", "key", "image", "rap_sing", "range", "hit_year", "created_at", "updated_at") VALUES ($1, $2, $3, $4, $5, $6, $7, $8, $9, $10, $11, $12, $13, $14, $15, $16, $17, $18) RETURNING "id"[0m  [["name", "Blinding Lights"], ["artist_id", 1], ["artist_gender", "Male"], ["lowest_pitch", 33], ["highest_pitch", 52], ["lowest_note", "F3"], ["highest_note", "C5"], ["genre_id", 1], ["year", 2019], ["tempo", "Up"], ["mood", "Sad"], ["key", "E-flat major"], ["image", "https://upload.wikimedia.org/wikipedia/en/e/e6/The_Weeknd_-_Blinding_Lights.png"], ["rap_sing", "Sing"], ["range", 19], ["hit_year", 2020], ["created_at", "2021-03-22 00:40:26.558184"], ["updated_at", "2021-03-22 00:40:26.558184"]]
  [1m[36mTRANSACTION (5.3ms)[0m  [1m[35mCOMMIT[0m
  [1m[36mTRANSACTION (0.2ms)[0m  [1m[35mBEGIN[0m
  [1m[36mGenre Load (0.4ms)[0m  [1m[34mSELECT "genres".* FROM "genres" WHERE "genres"."id" = $1 LIMIT $2[0m  [["id", 2], ["LIMIT", 1]]
  [1m[36mArtist Load (0.4ms)[0m  [1m[34mSELECT "artists".* FROM "artists" WHERE "artists"."id" = $1 LIMIT $2[0m  [["id", 2], ["LIMIT", 1]]
  [1m[36mSong Create (0.6ms)[0m  [1m[32mINSERT INTO "songs" ("name", "artist_id", "artist_gender", "lowest_pitch", "highest_pitch", "lowest_note", "highest_note", "genre_id", "year", "tempo", "mood", "key", "image", "rap_sing", "range", "hit_year", "created_at", "updated_at") VALUES ($1, $2, $3, $4, $5, $6, $7, $8, $9, $10, $11, $12, $13, $14, $15, $16, $17, $18) RETURNING "id"[0m  [["name", "Don't Start Now"], ["artist_id", 2], ["artist_gender", "Female"], ["lowest_pitch", 37], ["highest_pitch", 54], ["lowest_note", "A3"], ["highest_note", "D5"], ["genre_id", 2], ["year", 2019], ["tempo", "Mid"], ["mood", "Happy"], ["key", "B minor"], ["image", "https://upload.wikimedia.org/wikipedia/en/2/2b/Dua_Lipa_-_Don%27t_Start_Now.png"], ["rap_sing", "Sing"], ["range", 17], ["hit_year", 2020], ["created_at", "2021-03-22 00:40:26.588606"], ["updated_at", "2021-03-22 00:40:26.588606"]]
  [1m[36mTRANSACTION (0.5ms)[0m  [1m[35mCOMMIT[0m
  [1m[36mTRANSACTION (0.2ms)[0m  [1m[35mBEGIN[0m
  [1m[36mGenre Load (0.5ms)[0m  [1m[34mSELECT "genres".* FROM "genres" WHERE "genres"."id" = $1 LIMIT $2[0m  [["id", 3], ["LIMIT", 1]]
  [1m[36mArtist Load (0.3ms)[0m  [1m[34mSELECT "artists".* FROM "artists" WHERE "artists"."id" = $1 LIMIT $2[0m  [["id", 3], ["LIMIT", 1]]
  [1m[36mSong Create (0.4ms)[0m  [1m[32mINSERT INTO "songs" ("name", "artist_id", "artist_gender", "lowest_pitch", "highest_pitch", "lowest_note", "highest_note", "genre_id", "year", "tempo", "mood", "key", "image", "rap_sing", "range", "hit_year", "created_at", "updated_at") VALUES ($1, $2, $3, $4, $5, $6, $7, $8, $9, $10, $11, $12, $13, $14, $15, $16, $17, $18) RETURNING "id"[0m  [["name", "Someone You Loved"], ["artist_id", 3], ["artist_gender", "Male"], ["lowest_pitch", 31], ["highest_pitch", 50], ["lowest_note", "Eb3"], ["highest_note", "Bb4"], ["genre_id", 3], ["year", 2018], ["tempo", "Mid"], ["mood", "Sad"], ["key", "D-flat major"], ["image", "https://upload.wikimedia.org/wikipedia/en/a/a6/Lewis_Capaldi_-_Someone_You_Loved.png"], ["rap_sing", "Sing"], ["range", 19], ["hit_year", 2020], ["created_at", "2021-03-22 00:40:26.598519"], ["updated_at", "2021-03-22 00:40:26.598519"]]
  [1m[36mTRANSACTION (0.4ms)[0m  [1m[35mCOMMIT[0m
  [1m[36mTRANSACTION (0.2ms)[0m  [1m[35mBEGIN[0m
  [1m[36mGenre Load (0.3ms)[0m  [1m[34mSELECT "genres".* FROM "genres" WHERE "genres"."id" = $1 LIMIT $2[0m  [["id", 4], ["LIMIT", 1]]
  [1m[36mArtist Load (0.3ms)[0m  [1m[34mSELECT "artists".* FROM "artists" WHERE "artists"."id" = $1 LIMIT $2[0m  [["id", 4], ["LIMIT", 1]]
  [1m[36mSong Create (0.4ms)[0m  [1m[32mINSERT INTO "songs" ("name", "artist_id", "artist_gender", "lowest_pitch", "highest_pitch", "lowest_note", "highest_note", "genre_id", "year", "tempo", "mood", "key", "image", "rap_sing", "range", "hit_year", "created_at", "updated_at") VALUES ($1, $2, $3, $4, $5, $6, $7, $8, $9, $10, $11, $12, $13, $14, $15, $16, $17, $18) RETURNING "id"[0m  [["name", "Say So"], ["artist_id", 4], ["artist_gender", "Female"], ["lowest_pitch", 34], ["highest_pitch", 54], ["lowest_note", "F#3"], ["highest_note", "D5"], ["genre_id", 4], ["year", 2020], ["tempo", "Mid"], ["mood", "Sexy"], ["key", "D major"], ["image", "https://upload.wikimedia.org/wikipedia/en/d/df/Say_So_-_Doja_Cat.png"], ["rap_sing", "Both"], ["range", 20], ["hit_year", 2020], ["created_at", "2021-03-22 00:40:26.606285"], ["updated_at", "2021-03-22 00:40:26.606285"]]
  [1m[36mTRANSACTION (0.5ms)[0m  [1m[35mCOMMIT[0m
  [1m[36mTRANSACTION (0.2ms)[0m  [1m[35mBEGIN[0m
  [1m[36mGenre Load (0.3ms)[0m  [1m[34mSELECT "genres".* FROM "genres" WHERE "genres"."id" = $1 LIMIT $2[0m  [["id", 5], ["LIMIT", 1]]
  [1m[36mArtist Load (0.2ms)[0m  [1m[34mSELECT "artists".* FROM "artists" WHERE "artists"."id" = $1 LIMIT $2[0m  [["id", 5], ["LIMIT", 1]]
  [1m[36mSong Create (0.4ms)[0m  [1m[32mINSERT INTO "songs" ("name", "artist_id", "artist_gender", "lowest_pitch", "highest_pitch", "lowest_note", "highest_note", "genre_id", "year", "tempo", "mood", "key", "image", "rap_sing", "range", "hit_year", "created_at", "updated_at") VALUES ($1, $2, $3, $4, $5, $6, $7, $8, $9, $10, $11, $12, $13, $14, $15, $16, $17, $18) RETURNING "id"[0m  [["name", "Watermelon Sugar"], ["artist_id", 5], ["artist_gender", "Male"], ["lowest_pitch", 30], ["highest_pitch", 49], ["lowest_note", "D3"], ["highest_note", "A4"], ["genre_id", 5], ["year", 2020], ["tempo", "Mid"], ["mood", "Happy"], ["key", "A minor"], ["image", "https://upload.wikimedia.org/wikipedia/en/b/bf/Watermelon_Sugar_-_Harry_Styles.png"], ["rap_sing", "Both"], ["range", 19], ["hit_year", 2020], ["created_at", "2021-03-22 00:40:26.614134"], ["updated_at", "2021-03-22 00:40:26.614134"]]
  [1m[36mTRANSACTION (0.4ms)[0m  [1m[35mCOMMIT[0m
  [1m[36mTRANSACTION (0.1ms)[0m  [1m[35mBEGIN[0m
  [1m[36mGenre Load (0.3ms)[0m  [1m[34mSELECT "genres".* FROM "genres" WHERE "genres"."id" = $1 LIMIT $2[0m  [["id", 6], ["LIMIT", 1]]
  [1m[36mArtist Load (0.3ms)[0m  [1m[34mSELECT "artists".* FROM "artists" WHERE "artists"."id" = $1 LIMIT $2[0m  [["id", 6], ["LIMIT", 1]]
  [1m[36mSong Create (0.3ms)[0m  [1m[32mINSERT INTO "songs" ("name", "artist_id", "artist_gender", "lowest_note", "highest_note", "genre_id", "year", "tempo", "mood", "key", "image", "rap_sing", "hit_year", "created_at", "updated_at") VALUES ($1, $2, $3, $4, $5, $6, $7, $8, $9, $10, $11, $12, $13, $14, $15) RETURNING "id"[0m  [["name", "WAP (feat. Megan Thee Stallion)"], ["artist_id", 6], ["artist_gender", "Female Duet"], ["lowest_note", "N/A"], ["highest_note", "N/A"], ["genre_id", 6], ["year", 2020], ["tempo", "Up"], ["mood", "Sexy"], ["key", "B minor"], ["image", "https://upload.wikimedia.org/wikipedia/en/f/f4/Cardi_B_-_WAP_%28feat._Megan_Thee_Stallion%29.png"], ["rap_sing", "Rap"], ["hit_year", 2020], ["created_at", "2021-03-22 00:40:26.622529"], ["updated_at", "2021-03-22 00:40:26.622529"]]
  [1m[36mTRANSACTION (0.5ms)[0m  [1m[35mCOMMIT[0m
  [1m[36mTRANSACTION (0.2ms)[0m  [1m[35mBEGIN[0m
  [1m[36mGenre Load (0.2ms)[0m  [1m[34mSELECT "genres".* FROM "genres" WHERE "genres"."id" = $1 LIMIT $2[0m  [["id", 7], ["LIMIT", 1]]
  [1m[36mArtist Load (0.2ms)[0m  [1m[34mSELECT "artists".* FROM "artists" WHERE "artists"."id" = $1 LIMIT $2[0m  [["id", 1], ["LIMIT", 1]]
  [1m[36mSong Create (0.4ms)[0m  [1m[32mINSERT INTO "songs" ("name", "artist_id", "artist_gender", "lowest_pitch", "highest_pitch", "lowest_note", "highest_note", "genre_id", "year", "tempo", "mood", "key", "image", "rap_sing", "range", "hit_year", "created_at", "updated_at") VALUES ($1, $2, $3, $4, $5, $6, $7, $8, $9, $10, $11, $12, $13, $14, $15, $16, $17, $18) RETURNING "id"[0m  [["name", "Heartless"], ["artist_id", 1], ["artist_gender", "Male"], ["lowest_pitch", 34], ["highest_pitch", 53], ["lowest_note", "Gb3"], ["highest_note", "Db5"], ["genre_id", 7], ["year", 2019], ["tempo", "Mid"], ["mood", "Sad"], ["key", "E-flat minor"], ["image", "https://upload.wikimedia.org/wikipedia/en/7/78/The_Weeknd_-_Heartless.png"], ["rap_sing", "Sing"], ["range", 19], ["hit_year", 2020], ["created_at", "2021-03-22 00:40:26.632671"], ["updated_at", "2021-03-22 00:40:26.632671"]]
  [1m[36mTRANSACTION (0.5ms)[0m  [1m[35mCOMMIT[0m
  [1m[36mTRANSACTION (0.2ms)[0m  [1m[35mBEGIN[0m
  [1m[36mGenre Load (0.2ms)[0m  [1m[34mSELECT "genres".* FROM "genres" WHERE "genres"."id" = $1 LIMIT $2[0m  [["id", 4], ["LIMIT", 1]]
  [1m[36mArtist Load (0.2ms)[0m  [1m[34mSELECT "artists".* FROM "artists" WHERE "artists"."id" = $1 LIMIT $2[0m  [["id", 7], ["LIMIT", 1]]
  [1m[36mSong Create (0.3ms)[0m  [1m[32mINSERT INTO "songs" ("name", "artist_id", "artist_gender", "lowest_pitch", "highest_pitch", "lowest_note", "highest_note", "genre_id", "year", "tempo", "mood", "key", "image", "rap_sing", "range", "hit_year", "created_at", "updated_at") VALUES ($1, $2, $3, $4, $5, $6, $7, $8, $9, $10, $11, $12, $13, $14, $15, $16, $17, $18) RETURNING "id"[0m  [["name", "Good as Hell"], ["artist_id", 7], ["artist_gender", "Female"], ["lowest_pitch", 38], ["highest_pitch", 55], ["lowest_note", "Bb3"], ["highest_note", "Eb5"], ["genre_id", 4], ["year", 2016], ["tempo", "Mid"], ["mood", "Happy"], ["key", "E-flat major"], ["image", "https://upload.wikimedia.org/wikipedia/en/1/1c/Lizzo_-_Good_as_Hell.png"], ["rap_sing", "Both"], ["range", 17], ["hit_year", 2020], ["created_at", "2021-03-22 00:40:26.640986"], ["updated_at", "2021-03-22 00:40:26.640986"]]
  [1m[36mTRANSACTION (0.5ms)[0m  [1m[35mCOMMIT[0m
  [1m[36mTRANSACTION (0.2ms)[0m  [1m[35mBEGIN[0m
  [1m[36mGenre Load (0.2ms)[0m  [1m[34mSELECT "genres".* FROM "genres" WHERE "genres"."id" = $1 LIMIT $2[0m  [["id", 8], ["LIMIT", 1]]
  [1m[36mArtist Load (0.2ms)[0m  [1m[34mSELECT "artists".* FROM "artists" WHERE "artists"."id" = $1 LIMIT $2[0m  [["id", 8], ["LIMIT", 1]]
  [1m[36mSong Create (0.4ms)[0m  [1m[32mINSERT INTO "songs" ("name", "artist_id", "artist_gender", "lowest_pitch", "highest_pitch", "lowest_note", "highest_note", "genre_id", "year", "tempo", "mood", "key", "image", "rap_sing", "range", "hit_year", "created_at", "updated_at") VALUES ($1, $2, $3, $4, $5, $6, $7, $8, $9, $10, $11, $12, $13, $14, $15, $16, $17, $18) RETURNING "id"[0m  [["name", "Savage Love (Laxed – Siren Beat)"], ["artist_id", 8], ["artist_gender", "Male"], ["lowest_pitch", 38], ["highest_pitch", 57], ["lowest_note", "Bb3"], ["highest_note", "F5"], ["genre_id", 8], ["year", 2020], ["tempo", "Up"], ["mood", "Sad"], ["key", "E-flat major"], ["image", "https://upload.wikimedia.org/wikipedia/commons/b/b1/Jawsh_685_and_Jason_Derulo_-_Savage_Love_%28Laxed_%E2%80%93_Siren_Beat%29.png"], ["rap_sing", "Sing"], ["range", 19], ["hit_year", 2020], ["created_at", "2021-03-22 00:40:26.649056"], ["updated_at", "2021-03-22 00:40:26.649056"]]
  [1m[36mTRANSACTION (0.5ms)[0m  [1m[35mCOMMIT[0m
  [1m[36mTRANSACTION (0.2ms)[0m  [1m[35mBEGIN[0m
  [1m[36mGenre Load (0.4ms)[0m  [1m[34mSELECT "genres".* FROM "genres" WHERE "genres"."id" = $1 LIMIT $2[0m  [["id", 9], ["LIMIT", 1]]
  [1m[36mArtist Load (0.3ms)[0m  [1m[34mSELECT "artists".* FROM "artists" WHERE "artists"."id" = $1 LIMIT $2[0m  [["id", 9], ["LIMIT", 1]]
  [1m[36mSong Create (0.4ms)[0m  [1m[32mINSERT INTO "songs" ("name", "artist_id", "artist_gender", "lowest_pitch", "highest_pitch", "lowest_note", "highest_note", "genre_id", "year", "tempo", "mood", "key", "image", "rap_sing", "range", "hit_year", "created_at", "updated_at") VALUES ($1, $2, $3, $4, $5, $6, $7, $8, $9, $10, $11, $12, $13, $14, $15, $16, $17, $18) RETURNING "id"[0m  [["name", "Bad Guy"], ["artist_id", 9], ["artist_gender", "Female"], ["lowest_pitch", 34], ["highest_pitch", 47], ["lowest_note", "F#3"], ["highest_note", "F4"], ["genre_id", 9], ["year", 2019], ["tempo", "Up"], ["mood", "Raunchy"], ["key", "G minor"], ["image", "https://upload.wikimedia.org/wikipedia/en/3/38/When_We_All_Fall_Asleep%2C_Where_Do_We_Go%3F.png"], ["rap_sing", "Sing"], ["range", 13], ["hit_year", 2020], ["created_at", "2021-03-22 00:40:26.674273"], ["updated_at", "2021-03-22 00:40:26.674273"]]
  [1m[36mTRANSACTION (0.5ms)[0m  [1m[35mCOMMIT[0m
  [1m[36mTRANSACTION (0.2ms)[0m  [1m[35mBEGIN[0m
  [1m[36mUser Load (0.3ms)[0m  [1m[34mSELECT "users".* FROM "users" WHERE "users"."id" = $1 LIMIT $2[0m  [["id", 1], ["LIMIT", 1]]
  [1m[36mSong Load (0.4ms)[0m  [1m[34mSELECT "songs".* FROM "songs" WHERE "songs"."id" = $1 LIMIT $2[0m  [["id", 1], ["LIMIT", 1]]
  [1m[36mFavoriteSong Create (2.8ms)[0m  [1m[32mINSERT INTO "favorite_songs" ("user_id", "song_id", "note", "created_at", "updated_at") VALUES ($1, $2, $3, $4, $5) RETURNING "id"[0m  [["user_id", 1], ["song_id", 1], ["note", "Make sure you warm up before singing this one because it's pretty high."], ["created_at", "2021-03-22 00:40:26.697534"], ["updated_at", "2021-03-22 00:40:26.697534"]]
  [1m[36mTRANSACTION (5.2ms)[0m  [1m[35mCOMMIT[0m
  [1m[36mTRANSACTION (0.2ms)[0m  [1m[35mBEGIN[0m
  [1m[36mUser Load (0.4ms)[0m  [1m[34mSELECT "users".* FROM "users" WHERE "users"."id" = $1 LIMIT $2[0m  [["id", 1], ["LIMIT", 1]]
  [1m[36mSong Load (0.3ms)[0m  [1m[34mSELECT "songs".* FROM "songs" WHERE "songs"."id" = $1 LIMIT $2[0m  [["id", 2], ["LIMIT", 1]]
  [1m[36mFavoriteSong Create (0.5ms)[0m  [1m[32mINSERT INTO "favorite_songs" ("user_id", "song_id", "note", "created_at", "updated_at") VALUES ($1, $2, $3, $4, $5) RETURNING "id"[0m  [["user_id", 1], ["song_id", 2], ["note", "Sing the bridge up an octave or else it'll be too low."], ["created_at", "2021-03-22 00:40:26.716267"], ["updated_at", "2021-03-22 00:40:26.716267"]]
  [1m[36mTRANSACTION (0.5ms)[0m  [1m[35mCOMMIT[0m
  [1m[36mUser Load (0.5ms)[0m  [1m[34mSELECT "users".* FROM "users" /* loading for inspect */ LIMIT $1[0m  [["LIMIT", 11]]
  [1m[36mGenre Load (0.6ms)[0m  [1m[34mSELECT "genres".* FROM "genres" /* loading for inspect */ LIMIT $1[0m  [["LIMIT", 11]]
  [1m[36mSong Load (3.0ms)[0m  [1m[34mSELECT "songs".* FROM "songs" /* loading for inspect */ LIMIT $1[0m  [["LIMIT", 11]]
  [1m[36mSong Load (1.3ms)[0m  [1m[34mSELECT "songs".* FROM "songs"[0m
  [1m[36mArtist Load (0.5ms)[0m  [1m[34mSELECT "artists".* FROM "artists" /* loading for inspect */ LIMIT $1[0m  [["LIMIT", 11]]
  [1m[36mFavoriteSong Load (0.5ms)[0m  [1m[34mSELECT "favorite_songs".* FROM "favorite_songs" /* loading for inspect */ LIMIT $1[0m  [["LIMIT", 11]]
  [1m[36mFavoriteSong Load (1.2ms)[0m  [1m[34mSELECT "favorite_songs".* FROM "favorite_songs"[0m
  [1m[36mSong Load (1.0ms)[0m  [1m[34mSELECT "songs".* FROM "songs"[0m
  [1m[36mArtist Load (0.3ms)[0m  [1m[34mSELECT "artists".* FROM "artists" WHERE "artists"."id" = $1 LIMIT $2[0m  [["id", 1], ["LIMIT", 1]]
Started GET "/" for ::1 at 2021-03-21 20:42:04 -0400
  [1m[35m (1.1ms)[0m  [1m[34mSELECT "schema_migrations"."version" FROM "schema_migrations" ORDER BY "schema_migrations"."version" ASC[0m
Processing by Rails::WelcomeController#index as HTML
  Rendering /Users/CarrollJ/.rvm/gems/ruby-2.6.1/gems/railties-6.1.3/lib/rails/templates/rails/welcome/index.html.erb
  Rendered /Users/CarrollJ/.rvm/gems/ruby-2.6.1/gems/railties-6.1.3/lib/rails/templates/rails/welcome/index.html.erb (Duration: 34.2ms | Allocations: 480)
Completed 200 OK in 75ms (Views: 50.0ms | ActiveRecord: 0.0ms | Allocations: 4151)


Started GET "/songs" for ::1 at 2021-03-21 20:42:09 -0400
Processing by SongsController#index as HTML
  [1m[36mSong Load (0.8ms)[0m  [1m[34mSELECT "songs".* FROM "songs"[0m
  ↳ app/controllers/songs_controller.rb:4:in `index'
No serializer found for resource: #<Song id: 1, name: "Blinding Lights", artist_id: 1, artist_gender: "Male", lowest_pitch: 33, highest_pitch: 52, lowest_note: "F3", highest_note: "C5", genre_id: 1, year: 2019, tempo: "Up", mood: "Sad", key: "E-flat major", image: "https://upload.wikimedia.org/wikipedia/en/e/e6/The...", rap_sing: "Sing", range: 19, hit_year: 2020, created_at: "2021-03-22 00:40:26.558184000 +0000", updated_at: "2021-03-22 00:40:26.558184000 +0000">
[active_model_serializers] Rendered ActiveModel::Serializer::CollectionSerializer with Song::ActiveRecord_Relation (6.81ms)
Completed 200 OK in 92ms (Views: 55.9ms | ActiveRecord: 10.8ms | Allocations: 17712)


Started GET "/favorite_songs" for ::1 at 2021-03-21 20:42:33 -0400
Processing by FavoriteSongsController#index as HTML
  [1m[36mFavoriteSong Load (0.9ms)[0m  [1m[34mSELECT "favorite_songs".* FROM "favorite_songs"[0m
  ↳ app/controllers/favorite_songs_controller.rb:4:in `index'
No serializer found for resource: #<FavoriteSong id: 1, user_id: 1, song_id: 1, note: "Make sure you warm up before singing this one beca...", created_at: "2021-03-22 00:40:26.697534000 +0000", updated_at: "2021-03-22 00:40:26.697534000 +0000">
[active_model_serializers] Rendered ActiveModel::Serializer::CollectionSerializer with FavoriteSong::ActiveRecord_Relation (1.17ms)
Completed 200 OK in 41ms (Views: 19.6ms | ActiveRecord: 15.1ms | Allocations: 4917)


Started GET "/users" for ::1 at 2021-03-21 20:43:10 -0400
  [1m[35m (0.9ms)[0m  [1m[34mSELECT "schema_migrations"."version" FROM "schema_migrations" ORDER BY "schema_migrations"."version" ASC[0m
Processing by UsersController#index as HTML
  [1m[36mUser Load (1.4ms)[0m  [1m[34mSELECT "users".* FROM "users"[0m
  ↳ app/controllers/users_controller.rb:4:in `index'
No serializer found for resource: #<User id: 1, email: "jordancarroll1994@gmail.com", username: "jordancarroll", password: [FILTERED], image: "https://upload.wikimedia.org/wikipedia/commons/thu...", created_at: "2021-03-22 00:40:26.322271000 +0000", updated_at: "2021-03-22 00:40:26.322271000 +0000">
[active_model_serializers] Rendered ActiveModel::Serializer::CollectionSerializer with User::ActiveRecord_Relation (2.93ms)
Completed 200 OK in 47ms (Views: 20.6ms | ActiveRecord: 8.7ms | Allocations: 10056)


Started GET "/songs" for ::1 at 2021-03-21 20:43:16 -0400
Processing by SongsController#index as HTML
  [1m[36mSong Load (0.9ms)[0m  [1m[34mSELECT "songs".* FROM "songs"[0m
  ↳ app/controllers/songs_controller.rb:4:in `index'
No serializer found for resource: #<Song id: 1, name: "Blinding Lights", artist_id: 1, artist_gender: "Male", lowest_pitch: 33, highest_pitch: 52, lowest_note: "F3", highest_note: "C5", genre_id: 1, year: 2019, tempo: "Up", mood: "Sad", key: "E-flat major", image: "https://upload.wikimedia.org/wikipedia/en/e/e6/The...", rap_sing: "Sing", range: 19, hit_year: 2020, created_at: "2021-03-22 00:40:26.558184000 +0000", updated_at: "2021-03-22 00:40:26.558184000 +0000">
[active_model_serializers] Rendered ActiveModel::Serializer::CollectionSerializer with Song::ActiveRecord_Relation (6.96ms)
Completed 200 OK in 100ms (Views: 77.3ms | ActiveRecord: 6.1ms | Allocations: 15735)


Started GET "/artists" for ::1 at 2021-03-21 20:43:20 -0400
Processing by ArtistsController#index as HTML
  [1m[36mArtist Load (0.6ms)[0m  [1m[34mSELECT "artists".* FROM "artists"[0m
  ↳ app/controllers/artists_controller.rb:4:in `index'
No serializer found for resource: #<Artist id: 1, name: "The Weeknd", image: "https://upload.wikimedia.org/wikipedia/en/c/c1/The...", created_at: "2021-03-22 00:40:26.349003000 +0000", updated_at: "2021-03-22 00:40:26.349003000 +0000">
[active_model_serializers] Rendered ActiveModel::Serializer::CollectionSerializer with Artist::ActiveRecord_Relation (2.59ms)
Completed 200 OK in 37ms (Views: 21.5ms | ActiveRecord: 9.0ms | Allocations: 5099)


Started GET "/favorite_songs" for ::1 at 2021-03-21 20:43:24 -0400
Processing by FavoriteSongsController#index as HTML
  [1m[36mFavoriteSong Load (0.7ms)[0m  [1m[34mSELECT "favorite_songs".* FROM "favorite_songs"[0m
  ↳ app/controllers/favorite_songs_controller.rb:4:in `index'
No serializer found for resource: #<FavoriteSong id: 1, user_id: 1, song_id: 1, note: "Make sure you warm up before singing this one beca...", created_at: "2021-03-22 00:40:26.697534000 +0000", updated_at: "2021-03-22 00:40:26.697534000 +0000">
[active_model_serializers] Rendered ActiveModel::Serializer::CollectionSerializer with FavoriteSong::ActiveRecord_Relation (0.42ms)
Completed 200 OK in 160ms (Views: 20.6ms | ActiveRecord: 134.8ms | Allocations: 4917)


Started GET "/genres" for ::1 at 2021-03-21 20:43:28 -0400
Processing by GenresController#index as HTML
  [1m[36mGenre Load (0.9ms)[0m  [1m[34mSELECT "genres".* FROM "genres"[0m
  ↳ app/controllers/genres_controller.rb:4:in `index'
No serializer found for resource: #<Genre id: 1, name: "Synth-pop", created_at: "2021-03-22 00:40:26.413791000 +0000", updated_at: "2021-03-22 00:40:26.413791000 +0000">
[active_model_serializers] Rendered ActiveModel::Serializer::CollectionSerializer with Genre::ActiveRecord_Relation (3.59ms)
Completed 200 OK in 43ms (Views: 22.1ms | ActiveRecord: 12.5ms | Allocations: 4455)


  [1m[35m (0.9ms)[0m  [1m[34mSELECT "schema_migrations"."version" FROM "schema_migrations" ORDER BY "schema_migrations"."version" ASC[0m
  [1m[35m (0.7ms)[0m  [1m[34mSELECT "ar_internal_metadata"."value" FROM "ar_internal_metadata" WHERE "ar_internal_metadata"."key" = $1[0m  [["key", "environment"]]
  [1m[35m (0.2ms)[0m  [1m[34mSELECT "schema_migrations"."version" FROM "schema_migrations" ORDER BY "schema_migrations"."version" ASC[0m
  [1m[35m (0.2ms)[0m  [1m[34mSELECT "ar_internal_metadata"."value" FROM "ar_internal_metadata" WHERE "ar_internal_metadata"."key" = $1[0m  [["key", "environment"]]
  [1m[35m (0.3ms)[0m  [1m[34mSELECT "schema_migrations"."version" FROM "schema_migrations" ORDER BY "schema_migrations"."version" ASC[0m
  [1m[35m (0.2ms)[0m  [1m[34mSELECT "ar_internal_metadata"."value" FROM "ar_internal_metadata" WHERE "ar_internal_metadata"."key" = $1[0m  [["key", "environment"]]
  [1m[35m (86.4ms)[0m  [1m[35mDROP DATABASE IF EXISTS "actual_karaokeb_development"[0m
  [1m[35m (59.5ms)[0m  [1m[35mDROP DATABASE IF EXISTS "actual_karaokeb_test"[0m
  [1m[35m (345.4ms)[0m  [1m[35mCREATE DATABASE "actual_karaokeb_development" ENCODING = 'unicode'[0m
  [1m[35m (110.1ms)[0m  [1m[35mCREATE DATABASE "actual_karaokeb_test" ENCODING = 'unicode'[0m
  [1m[35mSQL (0.4ms)[0m  [1m[35mCREATE EXTENSION IF NOT EXISTS "plpgsql"[0m
  [1m[35m (0.3ms)[0m  [1m[35mDROP TABLE IF EXISTS "artists" CASCADE[0m
  [1m[35m (9.2ms)[0m  [1m[35mCREATE TABLE "artists" ("id" bigserial primary key, "name" character varying, "image" character varying, "created_at" timestamp(6) NOT NULL, "updated_at" timestamp(6) NOT NULL)[0m
  [1m[35m (0.6ms)[0m  [1m[35mDROP TABLE IF EXISTS "favorite_songs" CASCADE[0m
  [1m[35m (4.3ms)[0m  [1m[35mCREATE TABLE "favorite_songs" ("id" bigserial primary key, "user_id" integer, "song_id" integer, "note" character varying, "created_at" timestamp(6) NOT NULL, "updated_at" timestamp(6) NOT NULL)[0m
  [1m[35m (0.3ms)[0m  [1m[35mDROP TABLE IF EXISTS "genres" CASCADE[0m
  [1m[35m (4.1ms)[0m  [1m[35mCREATE TABLE "genres" ("id" bigserial primary key, "name" character varying, "created_at" timestamp(6) NOT NULL, "updated_at" timestamp(6) NOT NULL)[0m
  [1m[35m (0.4ms)[0m  [1m[35mDROP TABLE IF EXISTS "songs" CASCADE[0m
  [1m[35m (3.9ms)[0m  [1m[35mCREATE TABLE "songs" ("id" bigserial primary key, "name" character varying, "artist_id" integer, "artist_gender" character varying, "lowest_pitch" integer, "highest_pitch" integer, "lowest_note" character varying, "highest_note" character varying, "genre_id" integer, "year" integer, "tempo" character varying, "mood" character varying, "key" character varying, "image" character varying, "rap_sing" character varying, "range" integer, "hit_year" integer, "created_at" timestamp(6) NOT NULL, "updated_at" timestamp(6) NOT NULL)[0m
  [1m[35m (0.4ms)[0m  [1m[35mDROP TABLE IF EXISTS "users" CASCADE[0m
  [1m[35m (4.6ms)[0m  [1m[35mCREATE TABLE "users" ("id" bigserial primary key, "email" character varying, "username" character varying, "password" character varying, "image" character varying, "created_at" timestamp(6) NOT NULL, "updated_at" timestamp(6) NOT NULL)[0m
  [1m[35m (6.2ms)[0m  [1m[35mCREATE TABLE "schema_migrations" ("version" character varying NOT NULL PRIMARY KEY)[0m
  [1m[35m (0.6ms)[0m  [1m[34mSELECT "schema_migrations"."version" FROM "schema_migrations" ORDER BY "schema_migrations"."version" ASC[0m
  [1m[35m (0.7ms)[0m  [1m[32mINSERT INTO "schema_migrations" (version) VALUES (20210322003839)[0m
  [1m[35m (0.7ms)[0m  [1m[32mINSERT INTO "schema_migrations" (version) VALUES
(20210322003614),
(20210322003707),
(20210322003735),
(20210322003804);

[0m
  [1m[35m (3.7ms)[0m  [1m[35mCREATE TABLE "ar_internal_metadata" ("key" character varying NOT NULL PRIMARY KEY, "value" character varying, "created_at" timestamp(6) NOT NULL, "updated_at" timestamp(6) NOT NULL)[0m
  [1m[36mActiveRecord::InternalMetadata Load (0.4ms)[0m  [1m[34mSELECT "ar_internal_metadata".* FROM "ar_internal_metadata" WHERE "ar_internal_metadata"."key" = $1 LIMIT $2[0m  [["key", "environment"], ["LIMIT", 1]]
  [1m[36mTRANSACTION (0.2ms)[0m  [1m[35mBEGIN[0m
  [1m[36mActiveRecord::InternalMetadata Create (0.5ms)[0m  [1m[32mINSERT INTO "ar_internal_metadata" ("key", "value", "created_at", "updated_at") VALUES ($1, $2, $3, $4) RETURNING "key"[0m  [["key", "environment"], ["value", "development"], ["created_at", "2021-03-22 00:55:08.728514"], ["updated_at", "2021-03-22 00:55:08.728514"]]
  [1m[36mTRANSACTION (0.4ms)[0m  [1m[35mCOMMIT[0m
  [1m[36mActiveRecord::InternalMetadata Load (0.3ms)[0m  [1m[34mSELECT "ar_internal_metadata".* FROM "ar_internal_metadata" WHERE "ar_internal_metadata"."key" = $1 LIMIT $2[0m  [["key", "environment"], ["LIMIT", 1]]
  [1m[36mActiveRecord::InternalMetadata Load (0.3ms)[0m  [1m[34mSELECT "ar_internal_metadata".* FROM "ar_internal_metadata" WHERE "ar_internal_metadata"."key" = $1 LIMIT $2[0m  [["key", "schema_sha1"], ["LIMIT", 1]]
  [1m[36mTRANSACTION (0.2ms)[0m  [1m[35mBEGIN[0m
  [1m[36mActiveRecord::InternalMetadata Create (0.3ms)[0m  [1m[32mINSERT INTO "ar_internal_metadata" ("key", "value", "created_at", "updated_at") VALUES ($1, $2, $3, $4) RETURNING "key"[0m  [["key", "schema_sha1"], ["value", "e0f7382173b19b28f7f7e9473ae7579ca3fa6f15"], ["created_at", "2021-03-22 00:55:08.737988"], ["updated_at", "2021-03-22 00:55:08.737988"]]
  [1m[36mTRANSACTION (0.4ms)[0m  [1m[35mCOMMIT[0m
  [1m[35mSQL (0.5ms)[0m  [1m[35mCREATE EXTENSION IF NOT EXISTS "plpgsql"[0m
  [1m[35m (0.2ms)[0m  [1m[35mDROP TABLE IF EXISTS "artists" CASCADE[0m
  [1m[35m (8.9ms)[0m  [1m[35mCREATE TABLE "artists" ("id" bigserial primary key, "name" character varying, "image" character varying, "created_at" timestamp(6) NOT NULL, "updated_at" timestamp(6) NOT NULL)[0m
  [1m[35m (0.6ms)[0m  [1m[35mDROP TABLE IF EXISTS "favorite_songs" CASCADE[0m
  [1m[35m (4.7ms)[0m  [1m[35mCREATE TABLE "favorite_songs" ("id" bigserial primary key, "user_id" integer, "song_id" integer, "note" character varying, "created_at" timestamp(6) NOT NULL, "updated_at" timestamp(6) NOT NULL)[0m
  [1m[35m (0.4ms)[0m  [1m[35mDROP TABLE IF EXISTS "genres" CASCADE[0m
  [1m[35m (5.1ms)[0m  [1m[35mCREATE TABLE "genres" ("id" bigserial primary key, "name" character varying, "created_at" timestamp(6) NOT NULL, "updated_at" timestamp(6) NOT NULL)[0m
  [1m[35m (0.4ms)[0m  [1m[35mDROP TABLE IF EXISTS "songs" CASCADE[0m
  [1m[35m (4.8ms)[0m  [1m[35mCREATE TABLE "songs" ("id" bigserial primary key, "name" character varying, "artist_id" integer, "artist_gender" character varying, "lowest_pitch" integer, "highest_pitch" integer, "lowest_note" character varying, "highest_note" character varying, "genre_id" integer, "year" integer, "tempo" character varying, "mood" character varying, "key" character varying, "image" character varying, "rap_sing" character varying, "range" integer, "hit_year" integer, "created_at" timestamp(6) NOT NULL, "updated_at" timestamp(6) NOT NULL)[0m
  [1m[35m (0.4ms)[0m  [1m[35mDROP TABLE IF EXISTS "users" CASCADE[0m
  [1m[35m (3.6ms)[0m  [1m[35mCREATE TABLE "users" ("id" bigserial primary key, "email" character varying, "username" character varying, "password" character varying, "image" character varying, "created_at" timestamp(6) NOT NULL, "updated_at" timestamp(6) NOT NULL)[0m
  [1m[35m (3.6ms)[0m  [1m[35mCREATE TABLE "schema_migrations" ("version" character varying NOT NULL PRIMARY KEY)[0m
  [1m[35m (0.9ms)[0m  [1m[34mSELECT "schema_migrations"."version" FROM "schema_migrations" ORDER BY "schema_migrations"."version" ASC[0m
  [1m[35m (0.7ms)[0m  [1m[32mINSERT INTO "schema_migrations" (version) VALUES (20210322003839)[0m
  [1m[35m (0.7ms)[0m  [1m[32mINSERT INTO "schema_migrations" (version) VALUES
(20210322003614),
(20210322003707),
(20210322003735),
(20210322003804);

[0m
  [1m[35m (3.6ms)[0m  [1m[35mCREATE TABLE "ar_internal_metadata" ("key" character varying NOT NULL PRIMARY KEY, "value" character varying, "created_at" timestamp(6) NOT NULL, "updated_at" timestamp(6) NOT NULL)[0m
  [1m[36mActiveRecord::InternalMetadata Load (0.4ms)[0m  [1m[34mSELECT "ar_internal_metadata".* FROM "ar_internal_metadata" WHERE "ar_internal_metadata"."key" = $1 LIMIT $2[0m  [["key", "environment"], ["LIMIT", 1]]
  [1m[36mTRANSACTION (0.2ms)[0m  [1m[35mBEGIN[0m
  [1m[36mActiveRecord::InternalMetadata Create (0.6ms)[0m  [1m[32mINSERT INTO "ar_internal_metadata" ("key", "value", "created_at", "updated_at") VALUES ($1, $2, $3, $4) RETURNING "key"[0m  [["key", "environment"], ["value", "development"], ["created_at", "2021-03-22 00:55:08.852365"], ["updated_at", "2021-03-22 00:55:08.852365"]]
  [1m[36mTRANSACTION (0.5ms)[0m  [1m[35mCOMMIT[0m
  [1m[36mActiveRecord::InternalMetadata Load (0.2ms)[0m  [1m[34mSELECT "ar_internal_metadata".* FROM "ar_internal_metadata" WHERE "ar_internal_metadata"."key" = $1 LIMIT $2[0m  [["key", "environment"], ["LIMIT", 1]]
  [1m[36mTRANSACTION (0.2ms)[0m  [1m[35mBEGIN[0m
  [1m[36mActiveRecord::InternalMetadata Update (0.4ms)[0m  [1m[33mUPDATE "ar_internal_metadata" SET "value" = $1, "updated_at" = $2 WHERE "ar_internal_metadata"."key" = $3[0m  [["value", "test"], ["updated_at", "2021-03-22 00:55:08.873239"], ["key", "environment"]]
  [1m[36mTRANSACTION (0.4ms)[0m  [1m[35mCOMMIT[0m
  [1m[36mActiveRecord::InternalMetadata Load (0.3ms)[0m  [1m[34mSELECT "ar_internal_metadata".* FROM "ar_internal_metadata" WHERE "ar_internal_metadata"."key" = $1 LIMIT $2[0m  [["key", "schema_sha1"], ["LIMIT", 1]]
  [1m[36mTRANSACTION (0.1ms)[0m  [1m[35mBEGIN[0m
  [1m[36mActiveRecord::InternalMetadata Create (0.3ms)[0m  [1m[32mINSERT INTO "ar_internal_metadata" ("key", "value", "created_at", "updated_at") VALUES ($1, $2, $3, $4) RETURNING "key"[0m  [["key", "schema_sha1"], ["value", "e0f7382173b19b28f7f7e9473ae7579ca3fa6f15"], ["created_at", "2021-03-22 00:55:08.879467"], ["updated_at", "2021-03-22 00:55:08.879467"]]
  [1m[36mTRANSACTION (0.4ms)[0m  [1m[35mCOMMIT[0m
  [1m[35m (0.7ms)[0m  [1m[34mSELECT "schema_migrations"."version" FROM "schema_migrations" ORDER BY "schema_migrations"."version" ASC[0m
  [1m[36mTRANSACTION (0.2ms)[0m  [1m[35mBEGIN[0m
  [1m[36mUser Create (0.8ms)[0m  [1m[32mINSERT INTO "users" ("email", "username", "password", "image", "created_at", "updated_at") VALUES ($1, $2, $3, $4, $5, $6) RETURNING "id"[0m  [["email", "jordancarroll1994@gmail.com"], ["username", "jordancarroll"], ["password", "abc123"], ["image", "https://upload.wikimedia.org/wikipedia/commons/thumb/e/e0/SNice.svg/1200px-SNice.svg.png"], ["created_at", "2021-03-22 00:55:08.957284"], ["updated_at", "2021-03-22 00:55:08.957284"]]
  [1m[36mTRANSACTION (0.6ms)[0m  [1m[35mCOMMIT[0m
  [1m[36mTRANSACTION (0.2ms)[0m  [1m[35mBEGIN[0m
  [1m[36mUser Create (0.4ms)[0m  [1m[32mINSERT INTO "users" ("email", "username", "password", "image", "created_at", "updated_at") VALUES ($1, $2, $3, $4, $5, $6) RETURNING "id"[0m  [["email", "jordanscarroll1994@gmail.com"], ["username", "jordancarroll2"], ["password", "abc123"], ["image", "https://images-na.ssl-images-amazon.com/images/I/41CyuoxrPvL._AC_.jpg"], ["created_at", "2021-03-22 00:55:08.962248"], ["updated_at", "2021-03-22 00:55:08.962248"]]
  [1m[36mTRANSACTION (0.4ms)[0m  [1m[35mCOMMIT[0m
  [1m[36mTRANSACTION (0.2ms)[0m  [1m[35mBEGIN[0m
  [1m[36mArtist Create (0.7ms)[0m  [1m[32mINSERT INTO "artists" ("name", "image", "created_at", "updated_at") VALUES ($1, $2, $3, $4) RETURNING "id"[0m  [["name", "The Weeknd"], ["image", "https://upload.wikimedia.org/wikipedia/en/c/c1/The_Weeknd_-_After_Hours.png"], ["created_at", "2021-03-22 00:55:08.975103"], ["updated_at", "2021-03-22 00:55:08.975103"]]
  [1m[36mTRANSACTION (6.3ms)[0m  [1m[35mCOMMIT[0m
  [1m[36mTRANSACTION (0.2ms)[0m  [1m[35mBEGIN[0m
  [1m[36mArtist Create (0.5ms)[0m  [1m[32mINSERT INTO "artists" ("name", "image", "created_at", "updated_at") VALUES ($1, $2, $3, $4) RETURNING "id"[0m  [["name", "Dua Lipa"], ["image", "https://upload.wikimedia.org/wikipedia/en/f/f5/Dua_Lipa_-_Future_Nostalgia_%28Official_Album_Cover%29.png"], ["created_at", "2021-03-22 00:55:08.986400"], ["updated_at", "2021-03-22 00:55:08.986400"]]
  [1m[36mTRANSACTION (5.3ms)[0m  [1m[35mCOMMIT[0m
  [1m[36mTRANSACTION (0.2ms)[0m  [1m[35mBEGIN[0m
  [1m[36mArtist Create (0.5ms)[0m  [1m[32mINSERT INTO "artists" ("name", "image", "created_at", "updated_at") VALUES ($1, $2, $3, $4) RETURNING "id"[0m  [["name", "Lewis Capaldi"], ["image", "https://images-na.ssl-images-amazon.com/images/I/61-K3qJWGYL._SL1200_.jpg"], ["created_at", "2021-03-22 00:55:08.997714"], ["updated_at", "2021-03-22 00:55:08.997714"]]
  [1m[36mTRANSACTION (0.5ms)[0m  [1m[35mCOMMIT[0m
  [1m[36mTRANSACTION (0.2ms)[0m  [1m[35mBEGIN[0m
  [1m[36mArtist Create (0.3ms)[0m  [1m[32mINSERT INTO "artists" ("name", "image", "created_at", "updated_at") VALUES ($1, $2, $3, $4) RETURNING "id"[0m  [["name", "Doja Cat"], ["image", "https://upload.wikimedia.org/wikipedia/en/8/87/Doja_Cat_-_Hot_Pink.png"], ["created_at", "2021-03-22 00:55:09.003987"], ["updated_at", "2021-03-22 00:55:09.003987"]]
  [1m[36mTRANSACTION (0.5ms)[0m  [1m[35mCOMMIT[0m
  [1m[36mTRANSACTION (0.2ms)[0m  [1m[35mBEGIN[0m
  [1m[36mArtist Create (0.3ms)[0m  [1m[32mINSERT INTO "artists" ("name", "image", "created_at", "updated_at") VALUES ($1, $2, $3, $4) RETURNING "id"[0m  [["name", "Harry Styles"], ["image", "https://images-na.ssl-images-amazon.com/images/I/61uo57hXGxL._SL1200_.jpg"], ["created_at", "2021-03-22 00:55:09.008698"], ["updated_at", "2021-03-22 00:55:09.008698"]]
  [1m[36mTRANSACTION (0.5ms)[0m  [1m[35mCOMMIT[0m
  [1m[36mTRANSACTION (0.2ms)[0m  [1m[35mBEGIN[0m
  [1m[36mArtist Create (0.3ms)[0m  [1m[32mINSERT INTO "artists" ("name", "image", "created_at", "updated_at") VALUES ($1, $2, $3, $4) RETURNING "id"[0m  [["name", "Cardi B"], ["image", "https://upload.wikimedia.org/wikipedia/en/thumb/9/97/Cardi_B_-_Invasion_of_Privacy.png/220px-Cardi_B_-_Invasion_of_Privacy.png"], ["created_at", "2021-03-22 00:55:09.012985"], ["updated_at", "2021-03-22 00:55:09.012985"]]
  [1m[36mTRANSACTION (0.4ms)[0m  [1m[35mCOMMIT[0m
  [1m[36mTRANSACTION (0.2ms)[0m  [1m[35mBEGIN[0m
  [1m[36mArtist Create (0.3ms)[0m  [1m[32mINSERT INTO "artists" ("name", "image", "created_at", "updated_at") VALUES ($1, $2, $3, $4) RETURNING "id"[0m  [["name", "Lizzo"], ["image", "https://upload.wikimedia.org/wikipedia/en/d/dd/Lizzo_-_Cuz_I_Love_You.png"], ["created_at", "2021-03-22 00:55:09.016980"], ["updated_at", "2021-03-22 00:55:09.016980"]]
  [1m[36mTRANSACTION (0.5ms)[0m  [1m[35mCOMMIT[0m
  [1m[36mTRANSACTION (0.1ms)[0m  [1m[35mBEGIN[0m
  [1m[36mArtist Create (0.3ms)[0m  [1m[32mINSERT INTO "artists" ("name", "image", "created_at", "updated_at") VALUES ($1, $2, $3, $4) RETURNING "id"[0m  [["name", "Jawsh 685 x Jason Derulo"], ["image", "https://upload.wikimedia.org/wikipedia/commons/b/b1/Jawsh_685_and_Jason_Derulo_-_Savage_Love_%28Laxed_%E2%80%93_Siren_Beat%29.png"], ["created_at", "2021-03-22 00:55:09.021217"], ["updated_at", "2021-03-22 00:55:09.021217"]]
  [1m[36mTRANSACTION (0.4ms)[0m  [1m[35mCOMMIT[0m
  [1m[36mTRANSACTION (0.2ms)[0m  [1m[35mBEGIN[0m
  [1m[36mArtist Create (0.3ms)[0m  [1m[32mINSERT INTO "artists" ("name", "image", "created_at", "updated_at") VALUES ($1, $2, $3, $4) RETURNING "id"[0m  [["name", "Billie Eilish"], ["image", "https://images-na.ssl-images-amazon.com/images/I/71SHkMeVdhL._SL1500_.jpg"], ["created_at", "2021-03-22 00:55:09.025311"], ["updated_at", "2021-03-22 00:55:09.025311"]]
  [1m[36mTRANSACTION (0.3ms)[0m  [1m[35mCOMMIT[0m
  [1m[36mTRANSACTION (0.2ms)[0m  [1m[35mBEGIN[0m
  [1m[36mGenre Create (0.7ms)[0m  [1m[32mINSERT INTO "genres" ("name", "created_at", "updated_at") VALUES ($1, $2, $3) RETURNING "id"[0m  [["name", "Synth-pop"], ["created_at", "2021-03-22 00:55:09.038007"], ["updated_at", "2021-03-22 00:55:09.038007"]]
  [1m[36mTRANSACTION (6.5ms)[0m  [1m[35mCOMMIT[0m
  [1m[36mTRANSACTION (0.3ms)[0m  [1m[35mBEGIN[0m
  [1m[36mGenre Create (0.4ms)[0m  [1m[32mINSERT INTO "genres" ("name", "created_at", "updated_at") VALUES ($1, $2, $3) RETURNING "id"[0m  [["name", "Nu-disco"], ["created_at", "2021-03-22 00:55:09.049321"], ["updated_at", "2021-03-22 00:55:09.049321"]]
  [1m[36mTRANSACTION (1.8ms)[0m  [1m[35mCOMMIT[0m
  [1m[36mTRANSACTION (0.2ms)[0m  [1m[35mBEGIN[0m
  [1m[36mGenre Create (0.5ms)[0m  [1m[32mINSERT INTO "genres" ("name", "created_at", "updated_at") VALUES ($1, $2, $3) RETURNING "id"[0m  [["name", "Piano Ballad"], ["created_at", "2021-03-22 00:55:09.057204"], ["updated_at", "2021-03-22 00:55:09.057204"]]
  [1m[36mTRANSACTION (0.4ms)[0m  [1m[35mCOMMIT[0m
  [1m[36mTRANSACTION (0.1ms)[0m  [1m[35mBEGIN[0m
  [1m[36mGenre Create (0.3ms)[0m  [1m[32mINSERT INTO "genres" ("name", "created_at", "updated_at") VALUES ($1, $2, $3) RETURNING "id"[0m  [["name", "Pop"], ["created_at", "2021-03-22 00:55:09.062844"], ["updated_at", "2021-03-22 00:55:09.062844"]]
  [1m[36mTRANSACTION (0.3ms)[0m  [1m[35mCOMMIT[0m
  [1m[36mTRANSACTION (0.2ms)[0m  [1m[35mBEGIN[0m
  [1m[36mGenre Create (0.4ms)[0m  [1m[32mINSERT INTO "genres" ("name", "created_at", "updated_at") VALUES ($1, $2, $3) RETURNING "id"[0m  [["name", "Rock"], ["created_at", "2021-03-22 00:55:09.081746"], ["updated_at", "2021-03-22 00:55:09.081746"]]
  [1m[36mTRANSACTION (0.4ms)[0m  [1m[35mCOMMIT[0m
  [1m[36mTRANSACTION (0.2ms)[0m  [1m[35mBEGIN[0m
  [1m[36mGenre Create (0.3ms)[0m  [1m[32mINSERT INTO "genres" ("name", "created_at", "updated_at") VALUES ($1, $2, $3) RETURNING "id"[0m  [["name", "Rap"], ["created_at", "2021-03-22 00:55:09.087001"], ["updated_at", "2021-03-22 00:55:09.087001"]]
  [1m[36mTRANSACTION (0.4ms)[0m  [1m[35mCOMMIT[0m
  [1m[36mTRANSACTION (0.2ms)[0m  [1m[35mBEGIN[0m
  [1m[36mGenre Create (0.3ms)[0m  [1m[32mINSERT INTO "genres" ("name", "created_at", "updated_at") VALUES ($1, $2, $3) RETURNING "id"[0m  [["name", "R&B"], ["created_at", "2021-03-22 00:55:09.091693"], ["updated_at", "2021-03-22 00:55:09.091693"]]
  [1m[36mTRANSACTION (0.5ms)[0m  [1m[35mCOMMIT[0m
  [1m[36mTRANSACTION (0.2ms)[0m  [1m[35mBEGIN[0m
  [1m[36mGenre Create (0.3ms)[0m  [1m[32mINSERT INTO "genres" ("name", "created_at", "updated_at") VALUES ($1, $2, $3) RETURNING "id"[0m  [["name", "Dancehall"], ["created_at", "2021-03-22 00:55:09.095530"], ["updated_at", "2021-03-22 00:55:09.095530"]]
  [1m[36mTRANSACTION (0.4ms)[0m  [1m[35mCOMMIT[0m
  [1m[36mTRANSACTION (0.2ms)[0m  [1m[35mBEGIN[0m
  [1m[36mGenre Create (0.3ms)[0m  [1m[32mINSERT INTO "genres" ("name", "created_at", "updated_at") VALUES ($1, $2, $3) RETURNING "id"[0m  [["name", "Electropop"], ["created_at", "2021-03-22 00:55:09.099934"], ["updated_at", "2021-03-22 00:55:09.099934"]]
  [1m[36mTRANSACTION (0.4ms)[0m  [1m[35mCOMMIT[0m
  [1m[36mTRANSACTION (0.3ms)[0m  [1m[35mBEGIN[0m
  [1m[36mGenre Load (0.4ms)[0m  [1m[34mSELECT "genres".* FROM "genres" WHERE "genres"."id" = $1 LIMIT $2[0m  [["id", 1], ["LIMIT", 1]]
  [1m[36mArtist Load (0.3ms)[0m  [1m[34mSELECT "artists".* FROM "artists" WHERE "artists"."id" = $1 LIMIT $2[0m  [["id", 1], ["LIMIT", 1]]
  [1m[36mSong Create (1.0ms)[0m  [1m[32mINSERT INTO "songs" ("name", "artist_id", "artist_gender", "lowest_pitch", "highest_pitch", "lowest_note", "highest_note", "genre_id", "year", "tempo", "mood", "key", "image", "rap_sing", "range", "hit_year", "created_at", "updated_at") VALUES ($1, $2, $3, $4, $5, $6, $7, $8, $9, $10, $11, $12, $13, $14, $15, $16, $17, $18) RETURNING "id"[0m  [["name", "Blinding Lights"], ["artist_id", 1], ["artist_gender", "Male"], ["lowest_pitch", 33], ["highest_pitch", 52], ["lowest_note", "F3"], ["highest_note", "C5"], ["genre_id", 1], ["year", 2019], ["tempo", "Up"], ["mood", "Sad"], ["key", "E-flat major"], ["image", "https://upload.wikimedia.org/wikipedia/en/e/e6/The_Weeknd_-_Blinding_Lights.png"], ["rap_sing", "Sing"], ["range", 19], ["hit_year", 2020], ["created_at", "2021-03-22 00:55:09.146578"], ["updated_at", "2021-03-22 00:55:09.146578"]]
  [1m[36mTRANSACTION (6.4ms)[0m  [1m[35mCOMMIT[0m
  [1m[36mTRANSACTION (0.3ms)[0m  [1m[35mBEGIN[0m
  [1m[36mGenre Load (0.4ms)[0m  [1m[34mSELECT "genres".* FROM "genres" WHERE "genres"."id" = $1 LIMIT $2[0m  [["id", 2], ["LIMIT", 1]]
  [1m[36mArtist Load (0.3ms)[0m  [1m[34mSELECT "artists".* FROM "artists" WHERE "artists"."id" = $1 LIMIT $2[0m  [["id", 2], ["LIMIT", 1]]
  [1m[36mSong Create (0.4ms)[0m  [1m[32mINSERT INTO "songs" ("name", "artist_id", "artist_gender", "lowest_pitch", "highest_pitch", "lowest_note", "highest_note", "genre_id", "year", "tempo", "mood", "key", "image", "rap_sing", "range", "hit_year", "created_at", "updated_at") VALUES ($1, $2, $3, $4, $5, $6, $7, $8, $9, $10, $11, $12, $13, $14, $15, $16, $17, $18) RETURNING "id"[0m  [["name", "Don't Start Now"], ["artist_id", 2], ["artist_gender", "Female"], ["lowest_pitch", 37], ["highest_pitch", 54], ["lowest_note", "A3"], ["highest_note", "D5"], ["genre_id", 2], ["year", 2019], ["tempo", "Mid"], ["mood", "Happy"], ["key", "B minor"], ["image", "https://upload.wikimedia.org/wikipedia/en/2/2b/Dua_Lipa_-_Don%27t_Start_Now.png"], ["rap_sing", "Sing"], ["range", 17], ["hit_year", 2020], ["created_at", "2021-03-22 00:55:09.165312"], ["updated_at", "2021-03-22 00:55:09.165312"]]
  [1m[36mTRANSACTION (0.4ms)[0m  [1m[35mCOMMIT[0m
  [1m[36mTRANSACTION (0.1ms)[0m  [1m[35mBEGIN[0m
  [1m[36mGenre Load (0.3ms)[0m  [1m[34mSELECT "genres".* FROM "genres" WHERE "genres"."id" = $1 LIMIT $2[0m  [["id", 3], ["LIMIT", 1]]
  [1m[36mArtist Load (0.3ms)[0m  [1m[34mSELECT "artists".* FROM "artists" WHERE "artists"."id" = $1 LIMIT $2[0m  [["id", 3], ["LIMIT", 1]]
  [1m[36mSong Create (0.4ms)[0m  [1m[32mINSERT INTO "songs" ("name", "artist_id", "artist_gender", "lowest_pitch", "highest_pitch", "lowest_note", "highest_note", "genre_id", "year", "tempo", "mood", "key", "image", "rap_sing", "range", "hit_year", "created_at", "updated_at") VALUES ($1, $2, $3, $4, $5, $6, $7, $8, $9, $10, $11, $12, $13, $14, $15, $16, $17, $18) RETURNING "id"[0m  [["name", "Someone You Loved"], ["artist_id", 3], ["artist_gender", "Male"], ["lowest_pitch", 31], ["highest_pitch", 50], ["lowest_note", "Eb3"], ["highest_note", "Bb4"], ["genre_id", 3], ["year", 2018], ["tempo", "Mid"], ["mood", "Sad"], ["key", "D-flat major"], ["image", "https://upload.wikimedia.org/wikipedia/en/a/a6/Lewis_Capaldi_-_Someone_You_Loved.png"], ["rap_sing", "Sing"], ["range", 19], ["hit_year", 2020], ["created_at", "2021-03-22 00:55:09.174095"], ["updated_at", "2021-03-22 00:55:09.174095"]]
  [1m[36mTRANSACTION (0.5ms)[0m  [1m[35mCOMMIT[0m
  [1m[36mTRANSACTION (0.1ms)[0m  [1m[35mBEGIN[0m
  [1m[36mGenre Load (0.3ms)[0m  [1m[34mSELECT "genres".* FROM "genres" WHERE "genres"."id" = $1 LIMIT $2[0m  [["id", 4], ["LIMIT", 1]]
  [1m[36mArtist Load (0.3ms)[0m  [1m[34mSELECT "artists".* FROM "artists" WHERE "artists"."id" = $1 LIMIT $2[0m  [["id", 4], ["LIMIT", 1]]
  [1m[36mSong Create (0.4ms)[0m  [1m[32mINSERT INTO "songs" ("name", "artist_id", "artist_gender", "lowest_pitch", "highest_pitch", "lowest_note", "highest_note", "genre_id", "year", "tempo", "mood", "key", "image", "rap_sing", "range", "hit_year", "created_at", "updated_at") VALUES ($1, $2, $3, $4, $5, $6, $7, $8, $9, $10, $11, $12, $13, $14, $15, $16, $17, $18) RETURNING "id"[0m  [["name", "Say So"], ["artist_id", 4], ["artist_gender", "Female"], ["lowest_pitch", 34], ["highest_pitch", 54], ["lowest_note", "F#3"], ["highest_note", "D5"], ["genre_id", 4], ["year", 2020], ["tempo", "Mid"], ["mood", "Sexy"], ["key", "D major"], ["image", "https://upload.wikimedia.org/wikipedia/en/d/df/Say_So_-_Doja_Cat.png"], ["rap_sing", "Both"], ["range", 20], ["hit_year", 2020], ["created_at", "2021-03-22 00:55:09.181865"], ["updated_at", "2021-03-22 00:55:09.181865"]]
  [1m[36mTRANSACTION (0.4ms)[0m  [1m[35mCOMMIT[0m
  [1m[36mTRANSACTION (0.2ms)[0m  [1m[35mBEGIN[0m
  [1m[36mGenre Load (0.3ms)[0m  [1m[34mSELECT "genres".* FROM "genres" WHERE "genres"."id" = $1 LIMIT $2[0m  [["id", 5], ["LIMIT", 1]]
  [1m[36mArtist Load (0.2ms)[0m  [1m[34mSELECT "artists".* FROM "artists" WHERE "artists"."id" = $1 LIMIT $2[0m  [["id", 5], ["LIMIT", 1]]
  [1m[36mSong Create (0.4ms)[0m  [1m[32mINSERT INTO "songs" ("name", "artist_id", "artist_gender", "lowest_pitch", "highest_pitch", "lowest_note", "highest_note", "genre_id", "year", "tempo", "mood", "key", "image", "rap_sing", "range", "hit_year", "created_at", "updated_at") VALUES ($1, $2, $3, $4, $5, $6, $7, $8, $9, $10, $11, $12, $13, $14, $15, $16, $17, $18) RETURNING "id"[0m  [["name", "Watermelon Sugar"], ["artist_id", 5], ["artist_gender", "Male"], ["lowest_pitch", 30], ["highest_pitch", 49], ["lowest_note", "D3"], ["highest_note", "A4"], ["genre_id", 5], ["year", 2020], ["tempo", "Mid"], ["mood", "Happy"], ["key", "A minor"], ["image", "https://upload.wikimedia.org/wikipedia/en/b/bf/Watermelon_Sugar_-_Harry_Styles.png"], ["rap_sing", "Both"], ["range", 19], ["hit_year", 2020], ["created_at", "2021-03-22 00:55:09.189999"], ["updated_at", "2021-03-22 00:55:09.189999"]]
  [1m[36mTRANSACTION (0.4ms)[0m  [1m[35mCOMMIT[0m
  [1m[36mTRANSACTION (0.1ms)[0m  [1m[35mBEGIN[0m
  [1m[36mGenre Load (0.3ms)[0m  [1m[34mSELECT "genres".* FROM "genres" WHERE "genres"."id" = $1 LIMIT $2[0m  [["id", 6], ["LIMIT", 1]]
  [1m[36mArtist Load (0.3ms)[0m  [1m[34mSELECT "artists".* FROM "artists" WHERE "artists"."id" = $1 LIMIT $2[0m  [["id", 6], ["LIMIT", 1]]
  [1m[36mSong Create (0.4ms)[0m  [1m[32mINSERT INTO "songs" ("name", "artist_id", "artist_gender", "lowest_note", "highest_note", "genre_id", "year", "tempo", "mood", "key", "image", "rap_sing", "hit_year", "created_at", "updated_at") VALUES ($1, $2, $3, $4, $5, $6, $7, $8, $9, $10, $11, $12, $13, $14, $15) RETURNING "id"[0m  [["name", "WAP (feat. Megan Thee Stallion)"], ["artist_id", 6], ["artist_gender", "Female Duet"], ["lowest_note", "N/A"], ["highest_note", "N/A"], ["genre_id", 6], ["year", 2020], ["tempo", "Up"], ["mood", "Sexy"], ["key", "B minor"], ["image", "https://upload.wikimedia.org/wikipedia/en/f/f4/Cardi_B_-_WAP_%28feat._Megan_Thee_Stallion%29.png"], ["rap_sing", "Rap"], ["hit_year", 2020], ["created_at", "2021-03-22 00:55:09.198486"], ["updated_at", "2021-03-22 00:55:09.198486"]]
  [1m[36mTRANSACTION (0.4ms)[0m  [1m[35mCOMMIT[0m
  [1m[36mTRANSACTION (0.1ms)[0m  [1m[35mBEGIN[0m
  [1m[36mGenre Load (0.2ms)[0m  [1m[34mSELECT "genres".* FROM "genres" WHERE "genres"."id" = $1 LIMIT $2[0m  [["id", 7], ["LIMIT", 1]]
  [1m[36mArtist Load (0.2ms)[0m  [1m[34mSELECT "artists".* FROM "artists" WHERE "artists"."id" = $1 LIMIT $2[0m  [["id", 1], ["LIMIT", 1]]
  [1m[36mSong Create (0.4ms)[0m  [1m[32mINSERT INTO "songs" ("name", "artist_id", "artist_gender", "lowest_pitch", "highest_pitch", "lowest_note", "highest_note", "genre_id", "year", "tempo", "mood", "key", "image", "rap_sing", "range", "hit_year", "created_at", "updated_at") VALUES ($1, $2, $3, $4, $5, $6, $7, $8, $9, $10, $11, $12, $13, $14, $15, $16, $17, $18) RETURNING "id"[0m  [["name", "Heartless"], ["artist_id", 1], ["artist_gender", "Male"], ["lowest_pitch", 34], ["highest_pitch", 53], ["lowest_note", "Gb3"], ["highest_note", "Db5"], ["genre_id", 7], ["year", 2019], ["tempo", "Mid"], ["mood", "Sad"], ["key", "E-flat minor"], ["image", "https://upload.wikimedia.org/wikipedia/en/7/78/The_Weeknd_-_Heartless.png"], ["rap_sing", "Sing"], ["range", 19], ["hit_year", 2020], ["created_at", "2021-03-22 00:55:09.206370"], ["updated_at", "2021-03-22 00:55:09.206370"]]
  [1m[36mTRANSACTION (0.4ms)[0m  [1m[35mCOMMIT[0m
  [1m[36mTRANSACTION (0.1ms)[0m  [1m[35mBEGIN[0m
  [1m[36mGenre Load (0.3ms)[0m  [1m[34mSELECT "genres".* FROM "genres" WHERE "genres"."id" = $1 LIMIT $2[0m  [["id", 4], ["LIMIT", 1]]
  [1m[36mArtist Load (0.2ms)[0m  [1m[34mSELECT "artists".* FROM "artists" WHERE "artists"."id" = $1 LIMIT $2[0m  [["id", 7], ["LIMIT", 1]]
  [1m[36mSong Create (0.4ms)[0m  [1m[32mINSERT INTO "songs" ("name", "artist_id", "artist_gender", "lowest_pitch", "highest_pitch", "lowest_note", "highest_note", "genre_id", "year", "tempo", "mood", "key", "image", "rap_sing", "range", "hit_year", "created_at", "updated_at") VALUES ($1, $2, $3, $4, $5, $6, $7, $8, $9, $10, $11, $12, $13, $14, $15, $16, $17, $18) RETURNING "id"[0m  [["name", "Good as Hell"], ["artist_id", 7], ["artist_gender", "Female"], ["lowest_pitch", 38], ["highest_pitch", 55], ["lowest_note", "Bb3"], ["highest_note", "Eb5"], ["genre_id", 4], ["year", 2016], ["tempo", "Mid"], ["mood", "Happy"], ["key", "E-flat major"], ["image", "https://upload.wikimedia.org/wikipedia/en/1/1c/Lizzo_-_Good_as_Hell.png"], ["rap_sing", "Both"], ["range", 17], ["hit_year", 2020], ["created_at", "2021-03-22 00:55:09.226654"], ["updated_at", "2021-03-22 00:55:09.226654"]]
  [1m[36mTRANSACTION (0.5ms)[0m  [1m[35mCOMMIT[0m
  [1m[36mTRANSACTION (0.2ms)[0m  [1m[35mBEGIN[0m
  [1m[36mGenre Load (0.2ms)[0m  [1m[34mSELECT "genres".* FROM "genres" WHERE "genres"."id" = $1 LIMIT $2[0m  [["id", 8], ["LIMIT", 1]]
  [1m[36mArtist Load (0.2ms)[0m  [1m[34mSELECT "artists".* FROM "artists" WHERE "artists"."id" = $1 LIMIT $2[0m  [["id", 8], ["LIMIT", 1]]
  [1m[36mSong Create (0.4ms)[0m  [1m[32mINSERT INTO "songs" ("name", "artist_id", "artist_gender", "lowest_pitch", "highest_pitch", "lowest_note", "highest_note", "genre_id", "year", "tempo", "mood", "key", "image", "rap_sing", "range", "hit_year", "created_at", "updated_at") VALUES ($1, $2, $3, $4, $5, $6, $7, $8, $9, $10, $11, $12, $13, $14, $15, $16, $17, $18) RETURNING "id"[0m  [["name", "Savage Love (Laxed – Siren Beat)"], ["artist_id", 8], ["artist_gender", "Male"], ["lowest_pitch", 38], ["highest_pitch", 57], ["lowest_note", "Bb3"], ["highest_note", "F5"], ["genre_id", 8], ["year", 2020], ["tempo", "Up"], ["mood", "Sad"], ["key", "E-flat major"], ["image", "https://upload.wikimedia.org/wikipedia/commons/b/b1/Jawsh_685_and_Jason_Derulo_-_Savage_Love_%28Laxed_%E2%80%93_Siren_Beat%29.png"], ["rap_sing", "Sing"], ["range", 19], ["hit_year", 2020], ["created_at", "2021-03-22 00:55:09.235237"], ["updated_at", "2021-03-22 00:55:09.235237"]]
  [1m[36mTRANSACTION (0.4ms)[0m  [1m[35mCOMMIT[0m
  [1m[36mTRANSACTION (0.1ms)[0m  [1m[35mBEGIN[0m
  [1m[36mGenre Load (0.3ms)[0m  [1m[34mSELECT "genres".* FROM "genres" WHERE "genres"."id" = $1 LIMIT $2[0m  [["id", 9], ["LIMIT", 1]]
  [1m[36mArtist Load (0.2ms)[0m  [1m[34mSELECT "artists".* FROM "artists" WHERE "artists"."id" = $1 LIMIT $2[0m  [["id", 9], ["LIMIT", 1]]
  [1m[36mSong Create (0.4ms)[0m  [1m[32mINSERT INTO "songs" ("name", "artist_id", "artist_gender", "lowest_pitch", "highest_pitch", "lowest_note", "highest_note", "genre_id", "year", "tempo", "mood", "key", "image", "rap_sing", "range", "hit_year", "created_at", "updated_at") VALUES ($1, $2, $3, $4, $5, $6, $7, $8, $9, $10, $11, $12, $13, $14, $15, $16, $17, $18) RETURNING "id"[0m  [["name", "Bad Guy"], ["artist_id", 9], ["artist_gender", "Female"], ["lowest_pitch", 34], ["highest_pitch", 47], ["lowest_note", "F#3"], ["highest_note", "F4"], ["genre_id", 9], ["year", 2019], ["tempo", "Up"], ["mood", "Raunchy"], ["key", "G minor"], ["image", "https://upload.wikimedia.org/wikipedia/en/3/38/When_We_All_Fall_Asleep%2C_Where_Do_We_Go%3F.png"], ["rap_sing", "Sing"], ["range", 13], ["hit_year", 2020], ["created_at", "2021-03-22 00:55:09.244088"], ["updated_at", "2021-03-22 00:55:09.244088"]]
  [1m[36mTRANSACTION (0.5ms)[0m  [1m[35mCOMMIT[0m
  [1m[36mTRANSACTION (0.2ms)[0m  [1m[35mBEGIN[0m
  [1m[36mUser Load (0.3ms)[0m  [1m[34mSELECT "users".* FROM "users" WHERE "users"."id" = $1 LIMIT $2[0m  [["id", 1], ["LIMIT", 1]]
  [1m[36mSong Load (0.4ms)[0m  [1m[34mSELECT "songs".* FROM "songs" WHERE "songs"."id" = $1 LIMIT $2[0m  [["id", 1], ["LIMIT", 1]]
  [1m[36mFavoriteSong Create (0.6ms)[0m  [1m[32mINSERT INTO "favorite_songs" ("user_id", "song_id", "note", "created_at", "updated_at") VALUES ($1, $2, $3, $4, $5) RETURNING "id"[0m  [["user_id", 1], ["song_id", 1], ["note", "Make sure you warm up before singing this one because it's pretty high."], ["created_at", "2021-03-22 00:55:09.264216"], ["updated_at", "2021-03-22 00:55:09.264216"]]
  [1m[36mTRANSACTION (0.4ms)[0m  [1m[35mCOMMIT[0m
  [1m[36mTRANSACTION (0.2ms)[0m  [1m[35mBEGIN[0m
  [1m[36mUser Load (0.4ms)[0m  [1m[34mSELECT "users".* FROM "users" WHERE "users"."id" = $1 LIMIT $2[0m  [["id", 1], ["LIMIT", 1]]
  [1m[36mSong Load (0.5ms)[0m  [1m[34mSELECT "songs".* FROM "songs" WHERE "songs"."id" = $1 LIMIT $2[0m  [["id", 2], ["LIMIT", 1]]
  [1m[36mFavoriteSong Create (0.6ms)[0m  [1m[32mINSERT INTO "favorite_songs" ("user_id", "song_id", "note", "created_at", "updated_at") VALUES ($1, $2, $3, $4, $5) RETURNING "id"[0m  [["user_id", 1], ["song_id", 2], ["note", "Sing the bridge up an octave or else it'll be too low."], ["created_at", "2021-03-22 00:55:09.277931"], ["updated_at", "2021-03-22 00:55:09.277931"]]
  [1m[36mTRANSACTION (0.5ms)[0m  [1m[35mCOMMIT[0m
Started GET "/" for ::1 at 2021-03-21 20:55:29 -0400
  [1m[35m (6.8ms)[0m  [1m[34mSELECT "schema_migrations"."version" FROM "schema_migrations" ORDER BY "schema_migrations"."version" ASC[0m
Processing by Rails::WelcomeController#index as HTML
  Rendering /Users/CarrollJ/.rvm/gems/ruby-2.6.1/gems/railties-6.1.3/lib/rails/templates/rails/welcome/index.html.erb
  Rendered /Users/CarrollJ/.rvm/gems/ruby-2.6.1/gems/railties-6.1.3/lib/rails/templates/rails/welcome/index.html.erb (Duration: 26.8ms | Allocations: 315)
Completed 200 OK in 58ms (Views: 33.0ms | ActiveRecord: 0.0ms | Allocations: 2452)


Started GET "/songs" for ::1 at 2021-03-21 20:55:32 -0400
Processing by SongsController#index as HTML
  [1m[36mSong Load (3.0ms)[0m  [1m[34mSELECT "songs".* FROM "songs"[0m
  ↳ app/controllers/songs_controller.rb:4:in `index'
No serializer found for resource: #<Song id: 1, name: "Blinding Lights", artist_id: 1, artist_gender: "Male", lowest_pitch: 33, highest_pitch: 52, lowest_note: "F3", highest_note: "C5", genre_id: 1, year: 2019, tempo: "Up", mood: "Sad", key: "E-flat major", image: "https://upload.wikimedia.org/wikipedia/en/e/e6/The...", rap_sing: "Sing", range: 19, hit_year: 2020, created_at: "2021-03-22 00:55:09.146578000 +0000", updated_at: "2021-03-22 00:55:09.146578000 +0000">
[active_model_serializers] Rendered ActiveModel::Serializer::CollectionSerializer with Song::ActiveRecord_Relation (11.02ms)
Completed 200 OK in 195ms (Views: 77.7ms | ActiveRecord: 25.9ms | Allocations: 17484)


Started GET "/favorite_songs" for ::1 at 2021-03-21 20:55:44 -0400
Processing by FavoriteSongsController#index as HTML
  [1m[36mFavoriteSong Load (1.3ms)[0m  [1m[34mSELECT "favorite_songs".* FROM "favorite_songs"[0m
  ↳ app/controllers/favorite_songs_controller.rb:4:in `index'
No serializer found for resource: #<FavoriteSong id: 1, user_id: 1, song_id: 1, note: "Make sure you warm up before singing this one beca...", created_at: "2021-03-22 00:55:09.264216000 +0000", updated_at: "2021-03-22 00:55:09.264216000 +0000">
[active_model_serializers] Rendered ActiveModel::Serializer::CollectionSerializer with FavoriteSong::ActiveRecord_Relation (1.72ms)
Completed 200 OK in 33ms (Views: 21.2ms | ActiveRecord: 5.3ms | Allocations: 4917)


Started GET "/songs" for ::1 at 2021-03-22 02:02:49 -0400
  [1m[35m (1.5ms)[0m  [1m[34mSELECT "schema_migrations"."version" FROM "schema_migrations" ORDER BY "schema_migrations"."version" ASC[0m
Processing by SongsController#index as */*
  [1m[36mSong Load (25.0ms)[0m  [1m[34mSELECT "songs".* FROM "songs"[0m
  ↳ app/controllers/songs_controller.rb:4:in `index'
No serializer found for resource: #<Song id: 1, name: "Blinding Lights", artist_id: 1, artist_gender: "Male", lowest_pitch: 33, highest_pitch: 52, lowest_note: "F3", highest_note: "C5", genre_id: 1, year: 2019, tempo: "Up", mood: "Sad", key: "E-flat major", image: "https://upload.wikimedia.org/wikipedia/en/e/e6/The...", rap_sing: "Sing", range: 19, hit_year: 2020, created_at: "2021-03-22 00:55:09.146578000 +0000", updated_at: "2021-03-22 00:55:09.146578000 +0000">
[active_model_serializers] Rendered ActiveModel::Serializer::CollectionSerializer with Song::ActiveRecord_Relation (5.11ms)
Completed 200 OK in 203ms (Views: 49.2ms | ActiveRecord: 132.4ms | Allocations: 19593)


Started GET "/songs" for ::1 at 2021-03-22 02:02:50 -0400
Processing by SongsController#index as */*
  [1m[36mSong Load (1.6ms)[0m  [1m[34mSELECT "songs".* FROM "songs"[0m
  ↳ app/controllers/songs_controller.rb:4:in `index'
No serializer found for resource: #<Song id: 1, name: "Blinding Lights", artist_id: 1, artist_gender: "Male", lowest_pitch: 33, highest_pitch: 52, lowest_note: "F3", highest_note: "C5", genre_id: 1, year: 2019, tempo: "Up", mood: "Sad", key: "E-flat major", image: "https://upload.wikimedia.org/wikipedia/en/e/e6/The...", rap_sing: "Sing", range: 19, hit_year: 2020, created_at: "2021-03-22 00:55:09.146578000 +0000", updated_at: "2021-03-22 00:55:09.146578000 +0000">
[active_model_serializers] Rendered ActiveModel::Serializer::CollectionSerializer with Song::ActiveRecord_Relation (4.82ms)
Completed 200 OK in 15ms (Views: 13.1ms | ActiveRecord: 1.6ms | Allocations: 3265)


Started GET "/songs" for ::1 at 2021-03-22 02:03:46 -0400
Processing by SongsController#index as */*
  [1m[36mSong Load (30.1ms)[0m  [1m[34mSELECT "songs".* FROM "songs"[0m
  ↳ app/controllers/songs_controller.rb:4:in `index'
No serializer found for resource: #<Song id: 1, name: "Blinding Lights", artist_id: 1, artist_gender: "Male", lowest_pitch: 33, highest_pitch: 52, lowest_note: "F3", highest_note: "C5", genre_id: 1, year: 2019, tempo: "Up", mood: "Sad", key: "E-flat major", image: "https://upload.wikimedia.org/wikipedia/en/e/e6/The...", rap_sing: "Sing", range: 19, hit_year: 2020, created_at: "2021-03-22 00:55:09.146578000 +0000", updated_at: "2021-03-22 00:55:09.146578000 +0000">
[active_model_serializers] Rendered ActiveModel::Serializer::CollectionSerializer with Song::ActiveRecord_Relation (4.47ms)
Completed 200 OK in 48ms (Views: 16.1ms | ActiveRecord: 30.1ms | Allocations: 3265)


Started GET "/songs" for ::1 at 2021-03-22 02:03:46 -0400
Processing by SongsController#index as */*
  [1m[36mSong Load (2.9ms)[0m  [1m[34mSELECT "songs".* FROM "songs"[0m
  ↳ app/controllers/songs_controller.rb:4:in `index'
No serializer found for resource: #<Song id: 1, name: "Blinding Lights", artist_id: 1, artist_gender: "Male", lowest_pitch: 33, highest_pitch: 52, lowest_note: "F3", highest_note: "C5", genre_id: 1, year: 2019, tempo: "Up", mood: "Sad", key: "E-flat major", image: "https://upload.wikimedia.org/wikipedia/en/e/e6/The...", rap_sing: "Sing", range: 19, hit_year: 2020, created_at: "2021-03-22 00:55:09.146578000 +0000", updated_at: "2021-03-22 00:55:09.146578000 +0000">
[active_model_serializers] Rendered ActiveModel::Serializer::CollectionSerializer with Song::ActiveRecord_Relation (7.12ms)
Completed 200 OK in 34ms (Views: 29.9ms | ActiveRecord: 2.9ms | Allocations: 3265)


Started GET "/songs" for ::1 at 2021-03-22 02:04:48 -0400
Processing by SongsController#index as */*
  [1m[36mSong Load (0.6ms)[0m  [1m[34mSELECT "songs".* FROM "songs"[0m
  ↳ app/controllers/songs_controller.rb:4:in `index'
No serializer found for resource: #<Song id: 1, name: "Blinding Lights", artist_id: 1, artist_gender: "Male", lowest_pitch: 33, highest_pitch: 52, lowest_note: "F3", highest_note: "C5", genre_id: 1, year: 2019, tempo: "Up", mood: "Sad", key: "E-flat major", image: "https://upload.wikimedia.org/wikipedia/en/e/e6/The...", rap_sing: "Sing", range: 19, hit_year: 2020, created_at: "2021-03-22 00:55:09.146578000 +0000", updated_at: "2021-03-22 00:55:09.146578000 +0000">
[active_model_serializers] Rendered ActiveModel::Serializer::CollectionSerializer with Song::ActiveRecord_Relation (7.05ms)
Completed 200 OK in 23ms (Views: 18.8ms | ActiveRecord: 0.6ms | Allocations: 3245)


